[78740:259:1214/214055.837585:INFO:CONSOLE(8)] "bar chart: "scales.[x/y]Axes.barPercentage" is deprecated. Please use "dataset.barPercentage" instead", source: https://data.census.gov/cedsci/js/Chart-Vendor.fd7ca5eb.js (8)
[78740:259:1214/214055.837793:INFO:CONSOLE(8)] "bar chart: "scales.[x/y]Axes.barThickness" is deprecated. Please use "dataset.barThickness" instead", source: https://data.census.gov/cedsci/js/Chart-Vendor.fd7ca5eb.js (8)
[78740:259:1214/214055.876684:INFO:CONSOLE(8)] "bar chart: "scales.[x/y]Axes.barPercentage" is deprecated. Please use "dataset.barPercentage" instead", source: https://data.census.gov/cedsci/js/Chart-Vendor.fd7ca5eb.js (8)
[78740:259:1214/214055.876985:INFO:CONSOLE(8)] "bar chart: "scales.[x/y]Axes.barThickness" is deprecated. Please use "dataset.barThickness" instead", source: https://data.census.gov/cedsci/js/Chart-Vendor.fd7ca5eb.js (8)
[78740:259:1214/214055.905162:INFO:CONSOLE(1)] "SystemError: Topic data not available for topic Counts, Estimates, and Projections.", source: https://data.census.gov/cedsci/js/app.82e5551d.js (1)
[78740:259:1214/214055.905560:INFO:CONSOLE(1)] "SystemError: Topic data not available for topic Counts, Estimates, and Projections.", source: https://data.census.gov/cedsci/js/app.82e5551d.js (1)
[78740:259:1214/214055.907991:INFO:CONSOLE(1)] "SystemError: Topic data not available for topic Population Change and Components.", source: https://data.census.gov/cedsci/js/app.82e5551d.js (1)
[78740:259:1214/214055.908133:INFO:CONSOLE(1)] "SystemError: Topic data not available for topic Population Change and Components.", source: https://data.census.gov/cedsci/js/app.82e5551d.js (1)
[78740:259:1214/214056.025538:INFO:CONSOLE(1)] "SystemError: Topic data not available for topic Homeownership Rate.", source: https://data.census.gov/cedsci/js/app.82e5551d.js (1)
[78740:259:1214/214056.026203:INFO:CONSOLE(1)] "SystemError: Topic data not available for topic Homeownership Rate.", source: https://data.census.gov/cedsci/js/app.82e5551d.js (1)
[78740:259:1214/214056.129012:INFO:CONSOLE(1)] "SystemError: Topic data not available for topic New and Existing Units.", source: https://data.census.gov/cedsci/js/app.82e5551d.js (1)
[78740:259:1214/214056.130370:INFO:CONSOLE(1)] "SystemError: Topic data not available for topic New and Existing Units.", source: https://data.census.gov/cedsci/js/app.82e5551d.js (1)
[78740:259:1214/214056.157105:INFO:CONSOLE(1)] "SystemError: Topic data not available for topic Business and Owner Characteristics.", source: https://data.census.gov/cedsci/js/app.82e5551d.js (1)
[78740:259:1214/214056.157225:INFO:CONSOLE(1)] "SystemError: Topic data not available for topic Business and Owner Characteristics.", source: https://data.census.gov/cedsci/js/app.82e5551d.js (1)
[78740:259:1214/214056.159410:INFO:CONSOLE(1)] "SystemError: Topic data not available for topic Small Business.", source: https://data.census.gov/cedsci/js/app.82e5551d.js (1)
[78740:259:1214/214056.159520:INFO:CONSOLE(1)] "SystemError: Topic data not available for topic Small Business.", source: https://data.census.gov/cedsci/js/app.82e5551d.js (1)
[78740:259:1214/214056.172872:INFO:CONSOLE(1)] "SystemError: Topic data not available for topic Government Employment and Payroll.", source: https://data.census.gov/cedsci/js/app.82e5551d.js (1)
[78740:259:1214/214056.172964:INFO:CONSOLE(1)] "SystemError: Topic data not available for topic Government Employment and Payroll.", source: https://data.census.gov/cedsci/js/app.82e5551d.js (1)
[78740:259:1214/214056.182259:INFO:CONSOLE(1)] "SystemError: Topic data not available for topic Same Sex Couples.", source: https://data.census.gov/cedsci/js/app.82e5551d.js (1)
[78740:259:1214/214056.182459:INFO:CONSOLE(1)] "SystemError: Topic data not available for topic Same Sex Couples.", source: https://data.census.gov/cedsci/js/app.82e5551d.js (1)
[78740:259:1214/214056.226215:INFO:CONSOLE(1)] "SystemError: Topic data not available for topic Redistricting.", source: https://data.census.gov/cedsci/js/app.82e5551d.js (1)
[78740:259:1214/214056.226576:INFO:CONSOLE(1)] "SystemError: Topic data not available for topic Redistricting.", source: https://data.census.gov/cedsci/js/app.82e5551d.js (1)
[78740:259:1214/214056.229494:INFO:CONSOLE(1)] "SystemError: Topic data not available for topic Voting and Registration.", source: https://data.census.gov/cedsci/js/app.82e5551d.js (1)
[78740:259:1214/214056.229820:INFO:CONSOLE(1)] "SystemError: Topic data not available for topic Voting and Registration.", source: https://data.census.gov/cedsci/js/app.82e5551d.js (1)
[78740:259:1214/214056.461354:INFO:CONSOLE(1)] "SystemError: Topic data not available for topic Inventories.", source: https://data.census.gov/cedsci/js/app.82e5551d.js (1)
[78740:259:1214/214056.461882:INFO:CONSOLE(1)] "SystemError: Topic data not available for topic Inventories.", source: https://data.census.gov/cedsci/js/app.82e5551d.js (1)
[78740:259:1214/214056.767350:INFO:CONSOLE(1)] "SystemError: Topic data not available for topic State and Local Government Finances.", source: https://data.census.gov/cedsci/js/app.82e5551d.js (1)
[78740:259:1214/214056.767454:INFO:CONSOLE(1)] "SystemError: Topic data not available for topic State and Local Government Finances.", source: https://data.census.gov/cedsci/js/app.82e5551d.js (1)
[78740:259:1214/214056.771572:INFO:CONSOLE(1)] "SystemError: Topic data not available for topic Expenses.", source: https://data.census.gov/cedsci/js/app.82e5551d.js (1)
[78740:259:1214/214056.771932:INFO:CONSOLE(1)] "SystemError: Topic data not available for topic Expenses.", source: https://data.census.gov/cedsci/js/app.82e5551d.js (1)
[78740:259:1214/214056.884609:INFO:CONSOLE(1)] "Image "STATENAME" could not be loaded. Please make sure you have added the image with map.addImage() or a "sprite" property in your style. You can provide missing images by listening for the "styleimagemissing" map event.", source: https://data.census.gov/cedsci/js/Map-Vendor.6f3d3c86.js (1)
[78740:259:1214/214058.049803:INFO:CONSOLE(8)] "bar chart: "scales.[x/y]Axes.barPercentage" is deprecated. Please use "dataset.barPercentage" instead", source: https://data.census.gov/cedsci/js/Chart-Vendor.fd7ca5eb.js (8)
[78740:259:1214/214058.049991:INFO:CONSOLE(8)] "bar chart: "scales.[x/y]Axes.barThickness" is deprecated. Please use "dataset.barThickness" instead", source: https://data.census.gov/cedsci/js/Chart-Vendor.fd7ca5eb.js (8)
[78740:259:1214/214058.246638:INFO:CONSOLE(8)] "bar chart: "scales.[x/y]Axes.barPercentage" is deprecated. Please use "dataset.barPercentage" instead", source: https://data.census.gov/cedsci/js/Chart-Vendor.fd7ca5eb.js (8)
[78740:259:1214/214058.246747:INFO:CONSOLE(8)] "bar chart: "scales.[x/y]Axes.barThickness" is deprecated. Please use "dataset.barThickness" instead", source: https://data.census.gov/cedsci/js/Chart-Vendor.fd7ca5eb.js (8)
[78740:259:1214/214058.249818:INFO:CONSOLE(0)] "The resource https://data.census.gov/cedsci/img/icons/profile/family.svg was preloaded using link preload but not used within a few seconds from the window's load event. Please make sure it has an appropriate `as` value and it is preloaded intentionally.", source: https://data.census.gov/cedsci/profile?g=0400000US10 (0)
[78740:259:1214/214058.250065:INFO:CONSOLE(0)] "The resource https://data.census.gov/cedsci/img/icons/profile/buildings.svg was preloaded using link preload but not used within a few seconds from the window's load event. Please make sure it has an appropriate `as` value and it is preloaded intentionally.", source: https://data.census.gov/cedsci/profile?g=0400000US10 (0)
[78740:259:1214/214058.250190:INFO:CONSOLE(0)] "The resource https://data.census.gov/cedsci/img/icons/profile/people.svg was preloaded using link preload but not used within a few seconds from the window's load event. Please make sure it has an appropriate `as` value and it is preloaded intentionally.", source: https://data.census.gov/cedsci/profile?g=0400000US10 (0)
[78740:259:1214/214058.250293:INFO:CONSOLE(0)] "The resource https://data.census.gov/cedsci/img/icons/profile/calendar.svg was preloaded using link preload but not used within a few seconds from the window's load event. Please make sure it has an appropriate `as` value and it is preloaded intentionally.", source: https://data.census.gov/cedsci/profile?g=0400000US10 (0)
[78740:259:1214/214058.250423:INFO:CONSOLE(0)] "The resource https://data.census.gov/cedsci/img/icons/profile/poverty.svg was preloaded using link preload but not used within a few seconds from the window's load event. Please make sure it has an appropriate `as` value and it is preloaded intentionally.", source: https://data.census.gov/cedsci/profile?g=0400000US10 (0)
[78740:259:1214/214058.250489:INFO:CONSOLE(0)] "The resource https://data.census.gov/cedsci/img/icons/profile/payroll.svg was preloaded using link preload but not used within a few seconds from the window's load event. Please make sure it has an appropriate `as` value and it is preloaded intentionally.", source: https://data.census.gov/cedsci/profile?g=0400000US10 (0)
[78740:259:1214/214058.250541:INFO:CONSOLE(0)] "The resource https://data.census.gov/cedsci/img/icons/profile/payment.svg was preloaded using link preload but not used within a few seconds from the window's load event. Please make sure it has an appropriate `as` value and it is preloaded intentionally.", source: https://data.census.gov/cedsci/profile?g=0400000US10 (0)
[78740:259:1214/214058.271256:INFO:CONSOLE(8)] "bar chart: "scales.[x/y]Axes.barPercentage" is deprecated. Please use "dataset.barPercentage" instead", source: https://data.census.gov/cedsci/js/Chart-Vendor.fd7ca5eb.js (8)
[78740:259:1214/214058.271394:INFO:CONSOLE(8)] "bar chart: "scales.[x/y]Axes.barThickness" is deprecated. Please use "dataset.barThickness" instead", source: https://data.census.gov/cedsci/js/Chart-Vendor.fd7ca5eb.js (8)
[78740:259:1214/214058.286184:INFO:CONSOLE(8)] "bar chart: "scales.[x/y]Axes.barPercentage" is deprecated. Please use "dataset.barPercentage" instead", source: https://data.census.gov/cedsci/js/Chart-Vendor.fd7ca5eb.js (8)
[78740:259:1214/214058.286347:INFO:CONSOLE(8)] "bar chart: "scales.[x/y]Axes.barThickness" is deprecated. Please use "dataset.barThickness" instead", source: https://data.census.gov/cedsci/js/Chart-Vendor.fd7ca5eb.js (8)
[78740:259:1214/214058.301069:INFO:CONSOLE(8)] "bar chart: "scales.[x/y]Axes.barPercentage" is deprecated. Please use "dataset.barPercentage" instead", source: https://data.census.gov/cedsci/js/Chart-Vendor.fd7ca5eb.js (8)
[78740:259:1214/214058.301207:INFO:CONSOLE(8)] "bar chart: "scales.[x/y]Axes.barThickness" is deprecated. Please use "dataset.barThickness" instead", source: https://data.census.gov/cedsci/js/Chart-Vendor.fd7ca5eb.js (8)
[78740:259:1214/214058.316415:INFO:CONSOLE(8)] "bar chart: "scales.[x/y]Axes.barPercentage" is deprecated. Please use "dataset.barPercentage" instead", source: https://data.census.gov/cedsci/js/Chart-Vendor.fd7ca5eb.js (8)
[78740:259:1214/214058.316529:INFO:CONSOLE(8)] "bar chart: "scales.[x/y]Axes.barThickness" is deprecated. Please use "dataset.barThickness" instead", source: https://data.census.gov/cedsci/js/Chart-Vendor.fd7ca5eb.js (8)
[78740:259:1214/214058.392612:INFO:CONSOLE(8)] "bar chart: "scales.[x/y]Axes.barPercentage" is deprecated. Please use "dataset.barPercentage" instead", source: https://data.census.gov/cedsci/js/Chart-Vendor.fd7ca5eb.js (8)
[78740:259:1214/214058.392712:INFO:CONSOLE(8)] "bar chart: "scales.[x/y]Axes.barThickness" is deprecated. Please use "dataset.barThickness" instead", source: https://data.census.gov/cedsci/js/Chart-Vendor.fd7ca5eb.js (8)
[78740:259:1214/214058.463391:INFO:CONSOLE(8)] "bar chart: "scales.[x/y]Axes.barPercentage" is deprecated. Please use "dataset.barPercentage" instead", source: https://data.census.gov/cedsci/js/Chart-Vendor.fd7ca5eb.js (8)
[78740:259:1214/214058.465885:INFO:CONSOLE(8)] "bar chart: "scales.[x/y]Axes.barThickness" is deprecated. Please use "dataset.barThickness" instead", source: https://data.census.gov/cedsci/js/Chart-Vendor.fd7ca5eb.js (8)
[78740:259:1214/214058.600322:INFO:CONSOLE(8)] "bar chart: "scales.[x/y]Axes.barPercentage" is deprecated. Please use "dataset.barPercentage" instead", source: https://data.census.gov/cedsci/js/Chart-Vendor.fd7ca5eb.js (8)
[78740:259:1214/214058.601003:INFO:CONSOLE(8)] "bar chart: "scales.[x/y]Axes.barThickness" is deprecated. Please use "dataset.barThickness" instead", source: https://data.census.gov/cedsci/js/Chart-Vendor.fd7ca5eb.js (8)
[78740:259:1214/214058.637156:INFO:CONSOLE(8)] "bar chart: "scales.[x/y]Axes.barPercentage" is deprecated. Please use "dataset.barPercentage" instead", source: https://data.census.gov/cedsci/js/Chart-Vendor.fd7ca5eb.js (8)
[78740:259:1214/214058.637317:INFO:CONSOLE(8)] "bar chart: "scales.[x/y]Axes.barThickness" is deprecated. Please use "dataset.barThickness" instead", source: https://data.census.gov/cedsci/js/Chart-Vendor.fd7ca5eb.js (8)
[78740:259:1214/214058.877234:INFO:CONSOLE(8)] "bar chart: "scales.[x/y]Axes.barPercentage" is deprecated. Please use "dataset.barPercentage" instead", source: https://data.census.gov/cedsci/js/Chart-Vendor.fd7ca5eb.js (8)
[78740:259:1214/214058.877370:INFO:CONSOLE(8)] "bar chart: "scales.[x/y]Axes.barThickness" is deprecated. Please use "dataset.barThickness" instead", source: https://data.census.gov/cedsci/js/Chart-Vendor.fd7ca5eb.js (8)
[78740:259:1214/214058.891367:INFO:CONSOLE(8)] "bar chart: "scales.[x/y]Axes.barPercentage" is deprecated. Please use "dataset.barPercentage" instead", source: https://data.census.gov/cedsci/js/Chart-Vendor.fd7ca5eb.js (8)
[78740:259:1214/214058.891674:INFO:CONSOLE(8)] "bar chart: "scales.[x/y]Axes.barThickness" is deprecated. Please use "dataset.barThickness" instead", source: https://data.census.gov/cedsci/js/Chart-Vendor.fd7ca5eb.js (8)
[78740:259:1214/214058.911780:INFO:CONSOLE(8)] "bar chart: "scales.[x/y]Axes.barPercentage" is deprecated. Please use "dataset.barPercentage" instead", source: https://data.census.gov/cedsci/js/Chart-Vendor.fd7ca5eb.js (8)
[78740:259:1214/214058.911875:INFO:CONSOLE(8)] "bar chart: "scales.[x/y]Axes.barThickness" is deprecated. Please use "dataset.barThickness" instead", source: https://data.census.gov/cedsci/js/Chart-Vendor.fd7ca5eb.js (8)
[78740:259:1214/214058.939831:INFO:CONSOLE(8)] "bar chart: "scales.[x/y]Axes.barPercentage" is deprecated. Please use "dataset.barPercentage" instead", source: https://data.census.gov/cedsci/js/Chart-Vendor.fd7ca5eb.js (8)
[78740:259:1214/214058.940392:INFO:CONSOLE(8)] "bar chart: "scales.[x/y]Axes.barThickness" is deprecated. Please use "dataset.barThickness" instead", source: https://data.census.gov/cedsci/js/Chart-Vendor.fd7ca5eb.js (8)
[78740:259:1214/214059.041950:INFO:CONSOLE(8)] "bar chart: "scales.[x/y]Axes.barPercentage" is deprecated. Please use "dataset.barPercentage" instead", source: https://data.census.gov/cedsci/js/Chart-Vendor.fd7ca5eb.js (8)
[78740:259:1214/214059.042089:INFO:CONSOLE(8)] "bar chart: "scales.[x/y]Axes.barThickness" is deprecated. Please use "dataset.barThickness" instead", source: https://data.census.gov/cedsci/js/Chart-Vendor.fd7ca5eb.js (8)
[78740:259:1214/214059.226338:INFO:CONSOLE(8)] "bar chart: "scales.[x/y]Axes.barPercentage" is deprecated. Please use "dataset.barPercentage" instead", source: https://data.census.gov/cedsci/js/Chart-Vendor.fd7ca5eb.js (8)
[78740:259:1214/214059.226479:INFO:CONSOLE(8)] "bar chart: "scales.[x/y]Axes.barThickness" is deprecated. Please use "dataset.barThickness" instead", source: https://data.census.gov/cedsci/js/Chart-Vendor.fd7ca5eb.js (8)
[78740:259:1214/214059.421558:INFO:CONSOLE(8)] "bar chart: "scales.[x/y]Axes.barPercentage" is deprecated. Please use "dataset.barPercentage" instead", source: https://data.census.gov/cedsci/js/Chart-Vendor.fd7ca5eb.js (8)
[78740:259:1214/214059.421759:INFO:CONSOLE(8)] "bar chart: "scales.[x/y]Axes.barThickness" is deprecated. Please use "dataset.barThickness" instead", source: https://data.census.gov/cedsci/js/Chart-Vendor.fd7ca5eb.js (8)
[78740:259:1214/214059.477528:INFO:CONSOLE(8)] "bar chart: "scales.[x/y]Axes.barPercentage" is deprecated. Please use "dataset.barPercentage" instead", source: https://data.census.gov/cedsci/js/Chart-Vendor.fd7ca5eb.js (8)
[78740:259:1214/214059.477686:INFO:CONSOLE(8)] "bar chart: "scales.[x/y]Axes.barThickness" is deprecated. Please use "dataset.barThickness" instead", source: https://data.census.gov/cedsci/js/Chart-Vendor.fd7ca5eb.js (8)
[78740:259:1214/214059.503075:INFO:CONSOLE(8)] "bar chart: "scales.[x/y]Axes.barPercentage" is deprecated. Please use "dataset.barPercentage" instead", source: https://data.census.gov/cedsci/js/Chart-Vendor.fd7ca5eb.js (8)
[78740:259:1214/214059.503737:INFO:CONSOLE(8)] "bar chart: "scales.[x/y]Axes.barThickness" is deprecated. Please use "dataset.barThickness" instead", source: https://data.census.gov/cedsci/js/Chart-Vendor.fd7ca5eb.js (8)
[78740:259:1214/214059.533737:INFO:CONSOLE(8)] "bar chart: "scales.[x/y]Axes.barPercentage" is deprecated. Please use "dataset.barPercentage" instead", source: https://data.census.gov/cedsci/js/Chart-Vendor.fd7ca5eb.js (8)
[78740:259:1214/214059.534044:INFO:CONSOLE(8)] "bar chart: "scales.[x/y]Axes.barThickness" is deprecated. Please use "dataset.barThickness" instead", source: https://data.census.gov/cedsci/js/Chart-Vendor.fd7ca5eb.js (8)
[78740:259:1214/214059.564342:INFO:CONSOLE(8)] "bar chart: "scales.[x/y]Axes.barPercentage" is deprecated. Please use "dataset.barPercentage" instead", source: https://data.census.gov/cedsci/js/Chart-Vendor.fd7ca5eb.js (8)
[78740:259:1214/214059.564559:INFO:CONSOLE(8)] "bar chart: "scales.[x/y]Axes.barThickness" is deprecated. Please use "dataset.barThickness" instead", source: https://data.census.gov/cedsci/js/Chart-Vendor.fd7ca5eb.js (8)
[78740:259:1214/214059.892022:INFO:CONSOLE(8)] "bar chart: "scales.[x/y]Axes.barPercentage" is deprecated. Please use "dataset.barPercentage" instead", source: https://data.census.gov/cedsci/js/Chart-Vendor.fd7ca5eb.js (8)
[78740:259:1214/214059.892143:INFO:CONSOLE(8)] "bar chart: "scales.[x/y]Axes.barThickness" is deprecated. Please use "dataset.barThickness" instead", source: https://data.census.gov/cedsci/js/Chart-Vendor.fd7ca5eb.js (8)
[78740:259:1214/214059.945761:INFO:CONSOLE(8)] "bar chart: "scales.[x/y]Axes.barPercentage" is deprecated. Please use "dataset.barPercentage" instead", source: https://data.census.gov/cedsci/js/Chart-Vendor.fd7ca5eb.js (8)
[78740:259:1214/214059.945871:INFO:CONSOLE(8)] "bar chart: "scales.[x/y]Axes.barThickness" is deprecated. Please use "dataset.barThickness" instead", source: https://data.census.gov/cedsci/js/Chart-Vendor.fd7ca5eb.js (8)
[78740:259:1214/214100.333107:INFO:CONSOLE(8)] "bar chart: "scales.[x/y]Axes.barPercentage" is deprecated. Please use "dataset.barPercentage" instead", source: https://data.census.gov/cedsci/js/Chart-Vendor.fd7ca5eb.js (8)
[78740:259:1214/214100.333259:INFO:CONSOLE(8)] "bar chart: "scales.[x/y]Axes.barThickness" is deprecated. Please use "dataset.barThickness" instead", source: https://data.census.gov/cedsci/js/Chart-Vendor.fd7ca5eb.js (8)
[78740:259:1214/214100.408111:INFO:CONSOLE(8)] "bar chart: "scales.[x/y]Axes.barPercentage" is deprecated. Please use "dataset.barPercentage" instead", source: https://data.census.gov/cedsci/js/Chart-Vendor.fd7ca5eb.js (8)
[78740:259:1214/214100.408425:INFO:CONSOLE(8)] "bar chart: "scales.[x/y]Axes.barThickness" is deprecated. Please use "dataset.barThickness" instead", source: https://data.census.gov/cedsci/js/Chart-Vendor.fd7ca5eb.js (8)
[78740:259:1214/214103.201357:INFO:CONSOLE(8)] "bar chart: "scales.[x/y]Axes.barPercentage" is deprecated. Please use "dataset.barPercentage" instead", source: https://data.census.gov/cedsci/js/Chart-Vendor.fd7ca5eb.js (8)
[78740:259:1214/214103.201538:INFO:CONSOLE(8)] "bar chart: "scales.[x/y]Axes.barThickness" is deprecated. Please use "dataset.barThickness" instead", source: https://data.census.gov/cedsci/js/Chart-Vendor.fd7ca5eb.js (8)
[78740:34563:1214/214105.529778:ERROR:chrome_browser_main_extra_parts_metrics.cc(226)] crbug.com/1216328: Checking Bluetooth availability started. Please report if there is no report that this ends.
[78740:34563:1214/214105.530493:ERROR:chrome_browser_main_extra_parts_metrics.cc(229)] crbug.com/1216328: Checking Bluetooth availability ended.
[78740:34563:1214/214105.530541:ERROR:chrome_browser_main_extra_parts_metrics.cc(232)] crbug.com/1216328: Checking default browser status started. Please report if there is no report that this ends.
[78740:34563:1214/214105.530812:ERROR:chrome_browser_main_extra_parts_metrics.cc(236)] crbug.com/1216328: Checking default browser status ended.
[78740:259:1214/214109.491848:INFO:CONSOLE(1)] "SystemError: Topic data not available for topic Counts, Estimates, and Projections.", source: https://data.census.gov/cedsci/js/app.82e5551d.js (1)
[78740:259:1214/214109.492974:INFO:CONSOLE(1)] "SystemError: Topic data not available for topic Counts, Estimates, and Projections.", source: https://data.census.gov/cedsci/js/app.82e5551d.js (1)
[78740:259:1214/214109.581207:INFO:CONSOLE(1)] "SystemError: Topic data not available for topic Homeownership Rate.", source: https://data.census.gov/cedsci/js/app.82e5551d.js (1)
[78740:259:1214/214109.581357:INFO:CONSOLE(1)] "SystemError: Topic data not available for topic Homeownership Rate.", source: https://data.census.gov/cedsci/js/app.82e5551d.js (1)
[78740:259:1214/214109.713773:INFO:CONSOLE(1)] "SystemError: Topic data not available for topic New and Existing Units.", source: https://data.census.gov/cedsci/js/app.82e5551d.js (1)
[78740:259:1214/214109.714449:INFO:CONSOLE(1)] "SystemError: Topic data not available for topic New and Existing Units.", source: https://data.census.gov/cedsci/js/app.82e5551d.js (1)
[78740:259:1214/214109.719421:INFO:CONSOLE(1)] "SystemError: Topic data not available for topic Expenses.", source: https://data.census.gov/cedsci/js/app.82e5551d.js (1)
[78740:259:1214/214109.719999:INFO:CONSOLE(1)] "SystemError: Topic data not available for topic Expenses.", source: https://data.census.gov/cedsci/js/app.82e5551d.js (1)
[78740:259:1214/214109.750227:INFO:CONSOLE(1)] "SystemError: Topic data not available for topic Business and Owner Characteristics.", source: https://data.census.gov/cedsci/js/app.82e5551d.js (1)
[78740:259:1214/214109.750660:INFO:CONSOLE(1)] "SystemError: Topic data not available for topic Business and Owner Characteristics.", source: https://data.census.gov/cedsci/js/app.82e5551d.js (1)
[78740:259:1214/214109.770115:INFO:CONSOLE(1)] "SystemError: Topic data not available for topic Small Business.", source: https://data.census.gov/cedsci/js/app.82e5551d.js (1)
[78740:259:1214/214109.771749:INFO:CONSOLE(1)] "SystemError: Topic data not available for topic Small Business.", source: https://data.census.gov/cedsci/js/app.82e5551d.js (1)
[78740:259:1214/214109.812726:INFO:CONSOLE(1)] "SystemError: Topic data not available for topic Government Employment and Payroll.", source: https://data.census.gov/cedsci/js/app.82e5551d.js (1)
[78740:259:1214/214109.813031:INFO:CONSOLE(1)] "SystemError: Topic data not available for topic Government Employment and Payroll.", source: https://data.census.gov/cedsci/js/app.82e5551d.js (1)
[78740:259:1214/214109.911119:INFO:CONSOLE(1)] "SystemError: Topic data not available for topic Population Change and Components.", source: https://data.census.gov/cedsci/js/app.82e5551d.js (1)
[78740:259:1214/214109.911299:INFO:CONSOLE(1)] "SystemError: Topic data not available for topic Population Change and Components.", source: https://data.census.gov/cedsci/js/app.82e5551d.js (1)
[78740:259:1214/214110.035916:INFO:CONSOLE(1)] "Image "STATENAME" could not be loaded. Please make sure you have added the image with map.addImage() or a "sprite" property in your style. You can provide missing images by listening for the "styleimagemissing" map event.", source: https://data.census.gov/cedsci/js/Map-Vendor.6f3d3c86.js (1)
[78740:259:1214/214110.074208:INFO:CONSOLE(1)] "SystemError: Topic data not available for topic Redistricting.", source: https://data.census.gov/cedsci/js/app.82e5551d.js (1)
[78740:259:1214/214110.074349:INFO:CONSOLE(1)] "SystemError: Topic data not available for topic Redistricting.", source: https://data.census.gov/cedsci/js/app.82e5551d.js (1)
[78740:259:1214/214110.113599:INFO:CONSOLE(1)] "SystemError: Topic data not available for topic Inventories.", source: https://data.census.gov/cedsci/js/app.82e5551d.js (1)
[78740:259:1214/214110.114502:INFO:CONSOLE(1)] "SystemError: Topic data not available for topic Inventories.", source: https://data.census.gov/cedsci/js/app.82e5551d.js (1)
[78740:259:1214/214110.394423:INFO:CONSOLE(1)] "SystemError: Topic data not available for topic State and Local Government Finances.", source: https://data.census.gov/cedsci/js/app.82e5551d.js (1)
[78740:259:1214/214110.394765:INFO:CONSOLE(1)] "SystemError: Topic data not available for topic State and Local Government Finances.", source: https://data.census.gov/cedsci/js/app.82e5551d.js (1)
[78740:259:1214/214110.472795:INFO:CONSOLE(1)] "SystemError: Topic data not available for topic Same Sex Couples.", source: https://data.census.gov/cedsci/js/app.82e5551d.js (1)
[78740:259:1214/214110.473065:INFO:CONSOLE(1)] "SystemError: Topic data not available for topic Same Sex Couples.", source: https://data.census.gov/cedsci/js/app.82e5551d.js (1)
[78740:259:1214/214111.568708:INFO:CONSOLE(0)] "The resource https://data.census.gov/cedsci/img/icons/profile/payment.svg was preloaded using link preload but not used within a few seconds from the window's load event. Please make sure it has an appropriate `as` value and it is preloaded intentionally.", source: https://data.census.gov/cedsci/profile?g=0400000US11 (0)
[78740:259:1214/214111.568872:INFO:CONSOLE(0)] "The resource https://data.census.gov/cedsci/img/icons/profile/calendar.svg was preloaded using link preload but not used within a few seconds from the window's load event. Please make sure it has an appropriate `as` value and it is preloaded intentionally.", source: https://data.census.gov/cedsci/profile?g=0400000US11 (0)
[78740:259:1214/214111.569175:INFO:CONSOLE(0)] "The resource https://data.census.gov/cedsci/img/icons/profile/poverty.svg was preloaded using link preload but not used within a few seconds from the window's load event. Please make sure it has an appropriate `as` value and it is preloaded intentionally.", source: https://data.census.gov/cedsci/profile?g=0400000US11 (0)
[78740:259:1214/214111.569248:INFO:CONSOLE(0)] "The resource https://data.census.gov/cedsci/img/icons/profile/payroll.svg was preloaded using link preload but not used within a few seconds from the window's load event. Please make sure it has an appropriate `as` value and it is preloaded intentionally.", source: https://data.census.gov/cedsci/profile?g=0400000US11 (0)
[78740:259:1214/214111.569296:INFO:CONSOLE(0)] "The resource https://data.census.gov/cedsci/img/icons/profile/family.svg was preloaded using link preload but not used within a few seconds from the window's load event. Please make sure it has an appropriate `as` value and it is preloaded intentionally.", source: https://data.census.gov/cedsci/profile?g=0400000US11 (0)
[78740:259:1214/214111.569342:INFO:CONSOLE(0)] "The resource https://data.census.gov/cedsci/img/icons/profile/buildings.svg was preloaded using link preload but not used within a few seconds from the window's load event. Please make sure it has an appropriate `as` value and it is preloaded intentionally.", source: https://data.census.gov/cedsci/profile?g=0400000US11 (0)
[78740:259:1214/214111.569386:INFO:CONSOLE(0)] "The resource https://data.census.gov/cedsci/img/icons/profile/people.svg was preloaded using link preload but not used within a few seconds from the window's load event. Please make sure it has an appropriate `as` value and it is preloaded intentionally.", source: https://data.census.gov/cedsci/profile?g=0400000US11 (0)
[78740:259:1214/214111.632572:INFO:CONSOLE(8)] "bar chart: "scales.[x/y]Axes.barPercentage" is deprecated. Please use "dataset.barPercentage" instead", source: https://data.census.gov/cedsci/js/Chart-Vendor.fd7ca5eb.js (8)
[78740:259:1214/214111.632768:INFO:CONSOLE(8)] "bar chart: "scales.[x/y]Axes.barThickness" is deprecated. Please use "dataset.barThickness" instead", source: https://data.census.gov/cedsci/js/Chart-Vendor.fd7ca5eb.js (8)
[78740:259:1214/214111.651722:INFO:CONSOLE(1)] "SystemError: Topic data not available for topic Voting and Registration.", source: https://data.census.gov/cedsci/js/app.82e5551d.js (1)
[78740:259:1214/214111.651908:INFO:CONSOLE(1)] "SystemError: Topic data not available for topic Voting and Registration.", source: https://data.census.gov/cedsci/js/app.82e5551d.js (1)
[78740:259:1214/214111.719447:INFO:CONSOLE(8)] "bar chart: "scales.[x/y]Axes.barPercentage" is deprecated. Please use "dataset.barPercentage" instead", source: https://data.census.gov/cedsci/js/Chart-Vendor.fd7ca5eb.js (8)
[78740:259:1214/214111.719553:INFO:CONSOLE(8)] "bar chart: "scales.[x/y]Axes.barThickness" is deprecated. Please use "dataset.barThickness" instead", source: https://data.census.gov/cedsci/js/Chart-Vendor.fd7ca5eb.js (8)
[78740:259:1214/214111.893622:INFO:CONSOLE(8)] "bar chart: "scales.[x/y]Axes.barPercentage" is deprecated. Please use "dataset.barPercentage" instead", source: https://data.census.gov/cedsci/js/Chart-Vendor.fd7ca5eb.js (8)
[78740:259:1214/214111.893749:INFO:CONSOLE(8)] "bar chart: "scales.[x/y]Axes.barThickness" is deprecated. Please use "dataset.barThickness" instead", source: https://data.census.gov/cedsci/js/Chart-Vendor.fd7ca5eb.js (8)
[78740:259:1214/214111.911258:INFO:CONSOLE(8)] "bar chart: "scales.[x/y]Axes.barPercentage" is deprecated. Please use "dataset.barPercentage" instead", source: https://data.census.gov/cedsci/js/Chart-Vendor.fd7ca5eb.js (8)
[78740:259:1214/214111.911352:INFO:CONSOLE(8)] "bar chart: "scales.[x/y]Axes.barThickness" is deprecated. Please use "dataset.barThickness" instead", source: https://data.census.gov/cedsci/js/Chart-Vendor.fd7ca5eb.js (8)
[78740:259:1214/214112.234208:INFO:CONSOLE(8)] "bar chart: "scales.[x/y]Axes.barPercentage" is deprecated. Please use "dataset.barPercentage" instead", source: https://data.census.gov/cedsci/js/Chart-Vendor.fd7ca5eb.js (8)
[78740:259:1214/214112.234319:INFO:CONSOLE(8)] "bar chart: "scales.[x/y]Axes.barThickness" is deprecated. Please use "dataset.barThickness" instead", source: https://data.census.gov/cedsci/js/Chart-Vendor.fd7ca5eb.js (8)
[78740:259:1214/214112.478174:INFO:CONSOLE(8)] "bar chart: "scales.[x/y]Axes.barPercentage" is deprecated. Please use "dataset.barPercentage" instead", source: https://data.census.gov/cedsci/js/Chart-Vendor.fd7ca5eb.js (8)
[78740:259:1214/214112.478319:INFO:CONSOLE(8)] "bar chart: "scales.[x/y]Axes.barThickness" is deprecated. Please use "dataset.barThickness" instead", source: https://data.census.gov/cedsci/js/Chart-Vendor.fd7ca5eb.js (8)
[78740:259:1214/214112.499847:INFO:CONSOLE(8)] "bar chart: "scales.[x/y]Axes.barPercentage" is deprecated. Please use "dataset.barPercentage" instead", source: https://data.census.gov/cedsci/js/Chart-Vendor.fd7ca5eb.js (8)
[78740:259:1214/214112.499989:INFO:CONSOLE(8)] "bar chart: "scales.[x/y]Axes.barThickness" is deprecated. Please use "dataset.barThickness" instead", source: https://data.census.gov/cedsci/js/Chart-Vendor.fd7ca5eb.js (8)
[78740:259:1214/214112.517738:INFO:CONSOLE(8)] "bar chart: "scales.[x/y]Axes.barPercentage" is deprecated. Please use "dataset.barPercentage" instead", source: https://data.census.gov/cedsci/js/Chart-Vendor.fd7ca5eb.js (8)
[78740:259:1214/214112.517837:INFO:CONSOLE(8)] "bar chart: "scales.[x/y]Axes.barThickness" is deprecated. Please use "dataset.barThickness" instead", source: https://data.census.gov/cedsci/js/Chart-Vendor.fd7ca5eb.js (8)
[78740:259:1214/214112.564862:INFO:CONSOLE(8)] "bar chart: "scales.[x/y]Axes.barPercentage" is deprecated. Please use "dataset.barPercentage" instead", source: https://data.census.gov/cedsci/js/Chart-Vendor.fd7ca5eb.js (8)
[78740:259:1214/214112.565058:INFO:CONSOLE(8)] "bar chart: "scales.[x/y]Axes.barThickness" is deprecated. Please use "dataset.barThickness" instead", source: https://data.census.gov/cedsci/js/Chart-Vendor.fd7ca5eb.js (8)
[78740:259:1214/214112.607310:INFO:CONSOLE(8)] "bar chart: "scales.[x/y]Axes.barPercentage" is deprecated. Please use "dataset.barPercentage" instead", source: https://data.census.gov/cedsci/js/Chart-Vendor.fd7ca5eb.js (8)
[78740:259:1214/214112.608050:INFO:CONSOLE(8)] "bar chart: "scales.[x/y]Axes.barThickness" is deprecated. Please use "dataset.barThickness" instead", source: https://data.census.gov/cedsci/js/Chart-Vendor.fd7ca5eb.js (8)
[78740:259:1214/214112.859459:INFO:CONSOLE(8)] "bar chart: "scales.[x/y]Axes.barPercentage" is deprecated. Please use "dataset.barPercentage" instead", source: https://data.census.gov/cedsci/js/Chart-Vendor.fd7ca5eb.js (8)
[78740:259:1214/214112.859583:INFO:CONSOLE(8)] "bar chart: "scales.[x/y]Axes.barThickness" is deprecated. Please use "dataset.barThickness" instead", source: https://data.census.gov/cedsci/js/Chart-Vendor.fd7ca5eb.js (8)
[78740:259:1214/214113.000623:INFO:CONSOLE(8)] "bar chart: "scales.[x/y]Axes.barPercentage" is deprecated. Please use "dataset.barPercentage" instead", source: https://data.census.gov/cedsci/js/Chart-Vendor.fd7ca5eb.js (8)
[78740:259:1214/214113.000722:INFO:CONSOLE(8)] "bar chart: "scales.[x/y]Axes.barThickness" is deprecated. Please use "dataset.barThickness" instead", source: https://data.census.gov/cedsci/js/Chart-Vendor.fd7ca5eb.js (8)
[78740:259:1214/214113.151427:INFO:CONSOLE(8)] "bar chart: "scales.[x/y]Axes.barPercentage" is deprecated. Please use "dataset.barPercentage" instead", source: https://data.census.gov/cedsci/js/Chart-Vendor.fd7ca5eb.js (8)
[78740:259:1214/214113.151536:INFO:CONSOLE(8)] "bar chart: "scales.[x/y]Axes.barThickness" is deprecated. Please use "dataset.barThickness" instead", source: https://data.census.gov/cedsci/js/Chart-Vendor.fd7ca5eb.js (8)
[78740:259:1214/214113.296265:INFO:CONSOLE(8)] "bar chart: "scales.[x/y]Axes.barPercentage" is deprecated. Please use "dataset.barPercentage" instead", source: https://data.census.gov/cedsci/js/Chart-Vendor.fd7ca5eb.js (8)
[78740:259:1214/214113.296384:INFO:CONSOLE(8)] "bar chart: "scales.[x/y]Axes.barThickness" is deprecated. Please use "dataset.barThickness" instead", source: https://data.census.gov/cedsci/js/Chart-Vendor.fd7ca5eb.js (8)
[78740:259:1214/214113.516418:INFO:CONSOLE(8)] "bar chart: "scales.[x/y]Axes.barPercentage" is deprecated. Please use "dataset.barPercentage" instead", source: https://data.census.gov/cedsci/js/Chart-Vendor.fd7ca5eb.js (8)
[78740:259:1214/214113.516525:INFO:CONSOLE(8)] "bar chart: "scales.[x/y]Axes.barThickness" is deprecated. Please use "dataset.barThickness" instead", source: https://data.census.gov/cedsci/js/Chart-Vendor.fd7ca5eb.js (8)
[78740:259:1214/214113.525920:INFO:CONSOLE(8)] "bar chart: "scales.[x/y]Axes.barPercentage" is deprecated. Please use "dataset.barPercentage" instead", source: https://data.census.gov/cedsci/js/Chart-Vendor.fd7ca5eb.js (8)
[78740:259:1214/214113.526085:INFO:CONSOLE(8)] "bar chart: "scales.[x/y]Axes.barThickness" is deprecated. Please use "dataset.barThickness" instead", source: https://data.census.gov/cedsci/js/Chart-Vendor.fd7ca5eb.js (8)
[78740:259:1214/214113.801873:INFO:CONSOLE(8)] "bar chart: "scales.[x/y]Axes.barPercentage" is deprecated. Please use "dataset.barPercentage" instead", source: https://data.census.gov/cedsci/js/Chart-Vendor.fd7ca5eb.js (8)
[78740:259:1214/214113.801969:INFO:CONSOLE(8)] "bar chart: "scales.[x/y]Axes.barThickness" is deprecated. Please use "dataset.barThickness" instead", source: https://data.census.gov/cedsci/js/Chart-Vendor.fd7ca5eb.js (8)
[78740:259:1214/214113.909561:INFO:CONSOLE(8)] "bar chart: "scales.[x/y]Axes.barPercentage" is deprecated. Please use "dataset.barPercentage" instead", source: https://data.census.gov/cedsci/js/Chart-Vendor.fd7ca5eb.js (8)
[78740:259:1214/214113.909809:INFO:CONSOLE(8)] "bar chart: "scales.[x/y]Axes.barThickness" is deprecated. Please use "dataset.barThickness" instead", source: https://data.census.gov/cedsci/js/Chart-Vendor.fd7ca5eb.js (8)
[78740:259:1214/214114.036468:INFO:CONSOLE(8)] "bar chart: "scales.[x/y]Axes.barPercentage" is deprecated. Please use "dataset.barPercentage" instead", source: https://data.census.gov/cedsci/js/Chart-Vendor.fd7ca5eb.js (8)
[78740:259:1214/214114.036690:INFO:CONSOLE(8)] "bar chart: "scales.[x/y]Axes.barThickness" is deprecated. Please use "dataset.barThickness" instead", source: https://data.census.gov/cedsci/js/Chart-Vendor.fd7ca5eb.js (8)
[78740:259:1214/214114.148427:INFO:CONSOLE(8)] "bar chart: "scales.[x/y]Axes.barPercentage" is deprecated. Please use "dataset.barPercentage" instead", source: https://data.census.gov/cedsci/js/Chart-Vendor.fd7ca5eb.js (8)
[78740:259:1214/214114.148523:INFO:CONSOLE(8)] "bar chart: "scales.[x/y]Axes.barThickness" is deprecated. Please use "dataset.barThickness" instead", source: https://data.census.gov/cedsci/js/Chart-Vendor.fd7ca5eb.js (8)
[78740:259:1214/214114.200785:INFO:CONSOLE(8)] "bar chart: "scales.[x/y]Axes.barPercentage" is deprecated. Please use "dataset.barPercentage" instead", source: https://data.census.gov/cedsci/js/Chart-Vendor.fd7ca5eb.js (8)
[78740:259:1214/214114.201044:INFO:CONSOLE(8)] "bar chart: "scales.[x/y]Axes.barThickness" is deprecated. Please use "dataset.barThickness" instead", source: https://data.census.gov/cedsci/js/Chart-Vendor.fd7ca5eb.js (8)
[78740:259:1214/214114.702460:INFO:CONSOLE(8)] "bar chart: "scales.[x/y]Axes.barPercentage" is deprecated. Please use "dataset.barPercentage" instead", source: https://data.census.gov/cedsci/js/Chart-Vendor.fd7ca5eb.js (8)
[78740:259:1214/214114.702612:INFO:CONSOLE(8)] "bar chart: "scales.[x/y]Axes.barThickness" is deprecated. Please use "dataset.barThickness" instead", source: https://data.census.gov/cedsci/js/Chart-Vendor.fd7ca5eb.js (8)
[78740:259:1214/214114.714335:INFO:CONSOLE(8)] "bar chart: "scales.[x/y]Axes.barPercentage" is deprecated. Please use "dataset.barPercentage" instead", source: https://data.census.gov/cedsci/js/Chart-Vendor.fd7ca5eb.js (8)
[78740:259:1214/214114.714450:INFO:CONSOLE(8)] "bar chart: "scales.[x/y]Axes.barThickness" is deprecated. Please use "dataset.barThickness" instead", source: https://data.census.gov/cedsci/js/Chart-Vendor.fd7ca5eb.js (8)
[78740:259:1214/214114.991930:INFO:CONSOLE(8)] "bar chart: "scales.[x/y]Axes.barPercentage" is deprecated. Please use "dataset.barPercentage" instead", source: https://data.census.gov/cedsci/js/Chart-Vendor.fd7ca5eb.js (8)
[78740:259:1214/214114.992137:INFO:CONSOLE(8)] "bar chart: "scales.[x/y]Axes.barThickness" is deprecated. Please use "dataset.barThickness" instead", source: https://data.census.gov/cedsci/js/Chart-Vendor.fd7ca5eb.js (8)
[78740:259:1214/214115.113399:INFO:CONSOLE(8)] "bar chart: "scales.[x/y]Axes.barPercentage" is deprecated. Please use "dataset.barPercentage" instead", source: https://data.census.gov/cedsci/js/Chart-Vendor.fd7ca5eb.js (8)
[78740:259:1214/214115.113874:INFO:CONSOLE(8)] "bar chart: "scales.[x/y]Axes.barThickness" is deprecated. Please use "dataset.barThickness" instead", source: https://data.census.gov/cedsci/js/Chart-Vendor.fd7ca5eb.js (8)
[78740:259:1214/214115.634115:INFO:CONSOLE(8)] "bar chart: "scales.[x/y]Axes.barPercentage" is deprecated. Please use "dataset.barPercentage" instead", source: https://data.census.gov/cedsci/js/Chart-Vendor.fd7ca5eb.js (8)
[78740:259:1214/214115.634237:INFO:CONSOLE(8)] "bar chart: "scales.[x/y]Axes.barThickness" is deprecated. Please use "dataset.barThickness" instead", source: https://data.census.gov/cedsci/js/Chart-Vendor.fd7ca5eb.js (8)
[78740:259:1214/214116.403056:INFO:CONSOLE(8)] "bar chart: "scales.[x/y]Axes.barPercentage" is deprecated. Please use "dataset.barPercentage" instead", source: https://data.census.gov/cedsci/js/Chart-Vendor.fd7ca5eb.js (8)
[78740:259:1214/214116.403168:INFO:CONSOLE(8)] "bar chart: "scales.[x/y]Axes.barThickness" is deprecated. Please use "dataset.barThickness" instead", source: https://data.census.gov/cedsci/js/Chart-Vendor.fd7ca5eb.js (8)
[78740:259:1214/214117.184967:INFO:CONSOLE(8)] "bar chart: "scales.[x/y]Axes.barPercentage" is deprecated. Please use "dataset.barPercentage" instead", source: https://data.census.gov/cedsci/js/Chart-Vendor.fd7ca5eb.js (8)
[78740:259:1214/214117.186734:INFO:CONSOLE(8)] "bar chart: "scales.[x/y]Axes.barThickness" is deprecated. Please use "dataset.barThickness" instead", source: https://data.census.gov/cedsci/js/Chart-Vendor.fd7ca5eb.js (8)
[78740:259:1214/214122.396672:INFO:CONSOLE(8)] "bar chart: "scales.[x/y]Axes.barPercentage" is deprecated. Please use "dataset.barPercentage" instead", source: https://data.census.gov/cedsci/js/Chart-Vendor.fd7ca5eb.js (8)
[78740:259:1214/214122.397218:INFO:CONSOLE(8)] "bar chart: "scales.[x/y]Axes.barThickness" is deprecated. Please use "dataset.barThickness" instead", source: https://data.census.gov/cedsci/js/Chart-Vendor.fd7ca5eb.js (8)
[78740:259:1214/214122.429913:INFO:CONSOLE(1)] "SystemError: Topic data not available for topic Counts, Estimates, and Projections.", source: https://data.census.gov/cedsci/js/app.82e5551d.js (1)
[78740:259:1214/214122.430033:INFO:CONSOLE(1)] "SystemError: Topic data not available for topic Counts, Estimates, and Projections.", source: https://data.census.gov/cedsci/js/app.82e5551d.js (1)
[78740:259:1214/214122.446572:INFO:CONSOLE(8)] "bar chart: "scales.[x/y]Axes.barPercentage" is deprecated. Please use "dataset.barPercentage" instead", source: https://data.census.gov/cedsci/js/Chart-Vendor.fd7ca5eb.js (8)
[78740:259:1214/214122.446795:INFO:CONSOLE(8)] "bar chart: "scales.[x/y]Axes.barThickness" is deprecated. Please use "dataset.barThickness" instead", source: https://data.census.gov/cedsci/js/Chart-Vendor.fd7ca5eb.js (8)
[78740:259:1214/214122.481107:INFO:CONSOLE(8)] "bar chart: "scales.[x/y]Axes.barPercentage" is deprecated. Please use "dataset.barPercentage" instead", source: https://data.census.gov/cedsci/js/Chart-Vendor.fd7ca5eb.js (8)
[78740:259:1214/214122.481227:INFO:CONSOLE(8)] "bar chart: "scales.[x/y]Axes.barThickness" is deprecated. Please use "dataset.barThickness" instead", source: https://data.census.gov/cedsci/js/Chart-Vendor.fd7ca5eb.js (8)
[78740:259:1214/214122.495918:INFO:CONSOLE(8)] "bar chart: "scales.[x/y]Axes.barPercentage" is deprecated. Please use "dataset.barPercentage" instead", source: https://data.census.gov/cedsci/js/Chart-Vendor.fd7ca5eb.js (8)
[78740:259:1214/214122.496022:INFO:CONSOLE(8)] "bar chart: "scales.[x/y]Axes.barThickness" is deprecated. Please use "dataset.barThickness" instead", source: https://data.census.gov/cedsci/js/Chart-Vendor.fd7ca5eb.js (8)
[78740:259:1214/214122.521601:INFO:CONSOLE(8)] "bar chart: "scales.[x/y]Axes.barPercentage" is deprecated. Please use "dataset.barPercentage" instead", source: https://data.census.gov/cedsci/js/Chart-Vendor.fd7ca5eb.js (8)
[78740:259:1214/214122.522497:INFO:CONSOLE(8)] "bar chart: "scales.[x/y]Axes.barThickness" is deprecated. Please use "dataset.barThickness" instead", source: https://data.census.gov/cedsci/js/Chart-Vendor.fd7ca5eb.js (8)
[78740:259:1214/214122.539495:INFO:CONSOLE(8)] "bar chart: "scales.[x/y]Axes.barPercentage" is deprecated. Please use "dataset.barPercentage" instead", source: https://data.census.gov/cedsci/js/Chart-Vendor.fd7ca5eb.js (8)
[78740:259:1214/214122.539797:INFO:CONSOLE(8)] "bar chart: "scales.[x/y]Axes.barThickness" is deprecated. Please use "dataset.barThickness" instead", source: https://data.census.gov/cedsci/js/Chart-Vendor.fd7ca5eb.js (8)
[78740:259:1214/214122.542332:INFO:CONSOLE(1)] "SystemError: Topic data not available for topic Population Change and Components.", source: https://data.census.gov/cedsci/js/app.82e5551d.js (1)
[78740:259:1214/214122.542753:INFO:CONSOLE(1)] "SystemError: Topic data not available for topic Population Change and Components.", source: https://data.census.gov/cedsci/js/app.82e5551d.js (1)
[78740:259:1214/214122.577246:INFO:CONSOLE(8)] "bar chart: "scales.[x/y]Axes.barPercentage" is deprecated. Please use "dataset.barPercentage" instead", source: https://data.census.gov/cedsci/js/Chart-Vendor.fd7ca5eb.js (8)
[78740:259:1214/214122.577350:INFO:CONSOLE(8)] "bar chart: "scales.[x/y]Axes.barThickness" is deprecated. Please use "dataset.barThickness" instead", source: https://data.census.gov/cedsci/js/Chart-Vendor.fd7ca5eb.js (8)
[78740:259:1214/214122.662624:INFO:CONSOLE(8)] "bar chart: "scales.[x/y]Axes.barPercentage" is deprecated. Please use "dataset.barPercentage" instead", source: https://data.census.gov/cedsci/js/Chart-Vendor.fd7ca5eb.js (8)
[78740:259:1214/214122.662753:INFO:CONSOLE(8)] "bar chart: "scales.[x/y]Axes.barThickness" is deprecated. Please use "dataset.barThickness" instead", source: https://data.census.gov/cedsci/js/Chart-Vendor.fd7ca5eb.js (8)
[78740:259:1214/214122.664656:INFO:CONSOLE(1)] "SystemError: Topic data not available for topic Voting and Registration.", source: https://data.census.gov/cedsci/js/app.82e5551d.js (1)
[78740:259:1214/214122.664843:INFO:CONSOLE(1)] "SystemError: Topic data not available for topic Voting and Registration.", source: https://data.census.gov/cedsci/js/app.82e5551d.js (1)
[78740:259:1214/214122.715754:INFO:CONSOLE(8)] "bar chart: "scales.[x/y]Axes.barPercentage" is deprecated. Please use "dataset.barPercentage" instead", source: https://data.census.gov/cedsci/js/Chart-Vendor.fd7ca5eb.js (8)
[78740:259:1214/214122.716025:INFO:CONSOLE(8)] "bar chart: "scales.[x/y]Axes.barThickness" is deprecated. Please use "dataset.barThickness" instead", source: https://data.census.gov/cedsci/js/Chart-Vendor.fd7ca5eb.js (8)
[78740:259:1214/214122.738478:INFO:CONSOLE(8)] "bar chart: "scales.[x/y]Axes.barPercentage" is deprecated. Please use "dataset.barPercentage" instead", source: https://data.census.gov/cedsci/js/Chart-Vendor.fd7ca5eb.js (8)
[78740:259:1214/214122.738625:INFO:CONSOLE(8)] "bar chart: "scales.[x/y]Axes.barThickness" is deprecated. Please use "dataset.barThickness" instead", source: https://data.census.gov/cedsci/js/Chart-Vendor.fd7ca5eb.js (8)
[78740:259:1214/214122.767976:INFO:CONSOLE(8)] "bar chart: "scales.[x/y]Axes.barPercentage" is deprecated. Please use "dataset.barPercentage" instead", source: https://data.census.gov/cedsci/js/Chart-Vendor.fd7ca5eb.js (8)
[78740:259:1214/214122.768102:INFO:CONSOLE(8)] "bar chart: "scales.[x/y]Axes.barThickness" is deprecated. Please use "dataset.barThickness" instead", source: https://data.census.gov/cedsci/js/Chart-Vendor.fd7ca5eb.js (8)
[78740:259:1214/214122.801292:INFO:CONSOLE(8)] "bar chart: "scales.[x/y]Axes.barPercentage" is deprecated. Please use "dataset.barPercentage" instead", source: https://data.census.gov/cedsci/js/Chart-Vendor.fd7ca5eb.js (8)
[78740:259:1214/214122.801556:INFO:CONSOLE(8)] "bar chart: "scales.[x/y]Axes.barThickness" is deprecated. Please use "dataset.barThickness" instead", source: https://data.census.gov/cedsci/js/Chart-Vendor.fd7ca5eb.js (8)
[78740:259:1214/214122.865295:INFO:CONSOLE(8)] "bar chart: "scales.[x/y]Axes.barPercentage" is deprecated. Please use "dataset.barPercentage" instead", source: https://data.census.gov/cedsci/js/Chart-Vendor.fd7ca5eb.js (8)
[78740:259:1214/214122.865499:INFO:CONSOLE(8)] "bar chart: "scales.[x/y]Axes.barThickness" is deprecated. Please use "dataset.barThickness" instead", source: https://data.census.gov/cedsci/js/Chart-Vendor.fd7ca5eb.js (8)
[78740:259:1214/214122.907187:INFO:CONSOLE(8)] "bar chart: "scales.[x/y]Axes.barPercentage" is deprecated. Please use "dataset.barPercentage" instead", source: https://data.census.gov/cedsci/js/Chart-Vendor.fd7ca5eb.js (8)
[78740:259:1214/214122.908800:INFO:CONSOLE(8)] "bar chart: "scales.[x/y]Axes.barThickness" is deprecated. Please use "dataset.barThickness" instead", source: https://data.census.gov/cedsci/js/Chart-Vendor.fd7ca5eb.js (8)
[78740:259:1214/214122.958888:INFO:CONSOLE(8)] "bar chart: "scales.[x/y]Axes.barPercentage" is deprecated. Please use "dataset.barPercentage" instead", source: https://data.census.gov/cedsci/js/Chart-Vendor.fd7ca5eb.js (8)
[78740:259:1214/214122.959741:INFO:CONSOLE(8)] "bar chart: "scales.[x/y]Axes.barThickness" is deprecated. Please use "dataset.barThickness" instead", source: https://data.census.gov/cedsci/js/Chart-Vendor.fd7ca5eb.js (8)
[78740:259:1214/214123.082440:INFO:CONSOLE(8)] "bar chart: "scales.[x/y]Axes.barPercentage" is deprecated. Please use "dataset.barPercentage" instead", source: https://data.census.gov/cedsci/js/Chart-Vendor.fd7ca5eb.js (8)
[78740:259:1214/214123.083088:INFO:CONSOLE(8)] "bar chart: "scales.[x/y]Axes.barThickness" is deprecated. Please use "dataset.barThickness" instead", source: https://data.census.gov/cedsci/js/Chart-Vendor.fd7ca5eb.js (8)
[78740:259:1214/214123.137348:INFO:CONSOLE(8)] "bar chart: "scales.[x/y]Axes.barPercentage" is deprecated. Please use "dataset.barPercentage" instead", source: https://data.census.gov/cedsci/js/Chart-Vendor.fd7ca5eb.js (8)
[78740:259:1214/214123.137574:INFO:CONSOLE(8)] "bar chart: "scales.[x/y]Axes.barThickness" is deprecated. Please use "dataset.barThickness" instead", source: https://data.census.gov/cedsci/js/Chart-Vendor.fd7ca5eb.js (8)
[78740:259:1214/214123.172965:INFO:CONSOLE(8)] "bar chart: "scales.[x/y]Axes.barPercentage" is deprecated. Please use "dataset.barPercentage" instead", source: https://data.census.gov/cedsci/js/Chart-Vendor.fd7ca5eb.js (8)
[78740:259:1214/214123.173098:INFO:CONSOLE(8)] "bar chart: "scales.[x/y]Axes.barThickness" is deprecated. Please use "dataset.barThickness" instead", source: https://data.census.gov/cedsci/js/Chart-Vendor.fd7ca5eb.js (8)
[78740:259:1214/214123.173291:INFO:CONSOLE(1)] "SystemError: Topic data not available for topic Homeownership Rate.", source: https://data.census.gov/cedsci/js/app.82e5551d.js (1)
[78740:259:1214/214123.173369:INFO:CONSOLE(1)] "SystemError: Topic data not available for topic Homeownership Rate.", source: https://data.census.gov/cedsci/js/app.82e5551d.js (1)
[78740:259:1214/214123.193224:INFO:CONSOLE(8)] "bar chart: "scales.[x/y]Axes.barPercentage" is deprecated. Please use "dataset.barPercentage" instead", source: https://data.census.gov/cedsci/js/Chart-Vendor.fd7ca5eb.js (8)
[78740:259:1214/214123.193365:INFO:CONSOLE(8)] "bar chart: "scales.[x/y]Axes.barThickness" is deprecated. Please use "dataset.barThickness" instead", source: https://data.census.gov/cedsci/js/Chart-Vendor.fd7ca5eb.js (8)
[78740:259:1214/214123.196557:INFO:CONSOLE(1)] "SystemError: Topic data not available for topic New and Existing Units.", source: https://data.census.gov/cedsci/js/app.82e5551d.js (1)
[78740:259:1214/214123.197084:INFO:CONSOLE(1)] "SystemError: Topic data not available for topic New and Existing Units.", source: https://data.census.gov/cedsci/js/app.82e5551d.js (1)
[78740:259:1214/214123.210366:INFO:CONSOLE(8)] "bar chart: "scales.[x/y]Axes.barPercentage" is deprecated. Please use "dataset.barPercentage" instead", source: https://data.census.gov/cedsci/js/Chart-Vendor.fd7ca5eb.js (8)
[78740:259:1214/214123.210460:INFO:CONSOLE(8)] "bar chart: "scales.[x/y]Axes.barThickness" is deprecated. Please use "dataset.barThickness" instead", source: https://data.census.gov/cedsci/js/Chart-Vendor.fd7ca5eb.js (8)
[78740:259:1214/214123.240470:INFO:CONSOLE(8)] "bar chart: "scales.[x/y]Axes.barPercentage" is deprecated. Please use "dataset.barPercentage" instead", source: https://data.census.gov/cedsci/js/Chart-Vendor.fd7ca5eb.js (8)
[78740:259:1214/214123.240624:INFO:CONSOLE(8)] "bar chart: "scales.[x/y]Axes.barThickness" is deprecated. Please use "dataset.barThickness" instead", source: https://data.census.gov/cedsci/js/Chart-Vendor.fd7ca5eb.js (8)
[78740:259:1214/214123.258579:INFO:CONSOLE(8)] "bar chart: "scales.[x/y]Axes.barPercentage" is deprecated. Please use "dataset.barPercentage" instead", source: https://data.census.gov/cedsci/js/Chart-Vendor.fd7ca5eb.js (8)
[78740:259:1214/214123.258749:INFO:CONSOLE(8)] "bar chart: "scales.[x/y]Axes.barThickness" is deprecated. Please use "dataset.barThickness" instead", source: https://data.census.gov/cedsci/js/Chart-Vendor.fd7ca5eb.js (8)
[78740:259:1214/214123.323539:INFO:CONSOLE(8)] "bar chart: "scales.[x/y]Axes.barPercentage" is deprecated. Please use "dataset.barPercentage" instead", source: https://data.census.gov/cedsci/js/Chart-Vendor.fd7ca5eb.js (8)
[78740:259:1214/214123.324047:INFO:CONSOLE(8)] "bar chart: "scales.[x/y]Axes.barThickness" is deprecated. Please use "dataset.barThickness" instead", source: https://data.census.gov/cedsci/js/Chart-Vendor.fd7ca5eb.js (8)
[78740:259:1214/214123.426830:INFO:CONSOLE(8)] "bar chart: "scales.[x/y]Axes.barPercentage" is deprecated. Please use "dataset.barPercentage" instead", source: https://data.census.gov/cedsci/js/Chart-Vendor.fd7ca5eb.js (8)
[78740:259:1214/214123.427007:INFO:CONSOLE(8)] "bar chart: "scales.[x/y]Axes.barThickness" is deprecated. Please use "dataset.barThickness" instead", source: https://data.census.gov/cedsci/js/Chart-Vendor.fd7ca5eb.js (8)
[78740:259:1214/214123.427166:INFO:CONSOLE(1)] "SystemError: Topic data not available for topic Expenses.", source: https://data.census.gov/cedsci/js/app.82e5551d.js (1)
[78740:259:1214/214123.427210:INFO:CONSOLE(1)] "SystemError: Topic data not available for topic Expenses.", source: https://data.census.gov/cedsci/js/app.82e5551d.js (1)
[78740:259:1214/214123.427297:INFO:CONSOLE(1)] "SystemError: Topic data not available for topic Business and Owner Characteristics.", source: https://data.census.gov/cedsci/js/app.82e5551d.js (1)
[78740:259:1214/214123.427336:INFO:CONSOLE(1)] "SystemError: Topic data not available for topic Business and Owner Characteristics.", source: https://data.census.gov/cedsci/js/app.82e5551d.js (1)
[78740:259:1214/214123.436969:INFO:CONSOLE(1)] "SystemError: Topic data not available for topic Inventories.", source: https://data.census.gov/cedsci/js/app.82e5551d.js (1)
[78740:259:1214/214123.437095:INFO:CONSOLE(1)] "SystemError: Topic data not available for topic Inventories.", source: https://data.census.gov/cedsci/js/app.82e5551d.js (1)
[78740:259:1214/214123.469264:INFO:CONSOLE(8)] "bar chart: "scales.[x/y]Axes.barPercentage" is deprecated. Please use "dataset.barPercentage" instead", source: https://data.census.gov/cedsci/js/Chart-Vendor.fd7ca5eb.js (8)
[78740:259:1214/214123.469414:INFO:CONSOLE(8)] "bar chart: "scales.[x/y]Axes.barThickness" is deprecated. Please use "dataset.barThickness" instead", source: https://data.census.gov/cedsci/js/Chart-Vendor.fd7ca5eb.js (8)
[78740:259:1214/214123.521599:INFO:CONSOLE(1)] "SystemError: Topic data not available for topic Small Business.", source: https://data.census.gov/cedsci/js/app.82e5551d.js (1)
[78740:259:1214/214123.521894:INFO:CONSOLE(1)] "SystemError: Topic data not available for topic Small Business.", source: https://data.census.gov/cedsci/js/app.82e5551d.js (1)
[78740:259:1214/214123.557355:INFO:CONSOLE(8)] "bar chart: "scales.[x/y]Axes.barPercentage" is deprecated. Please use "dataset.barPercentage" instead", source: https://data.census.gov/cedsci/js/Chart-Vendor.fd7ca5eb.js (8)
[78740:259:1214/214123.557492:INFO:CONSOLE(8)] "bar chart: "scales.[x/y]Axes.barThickness" is deprecated. Please use "dataset.barThickness" instead", source: https://data.census.gov/cedsci/js/Chart-Vendor.fd7ca5eb.js (8)
[78740:259:1214/214123.573971:INFO:CONSOLE(8)] "bar chart: "scales.[x/y]Axes.barPercentage" is deprecated. Please use "dataset.barPercentage" instead", source: https://data.census.gov/cedsci/js/Chart-Vendor.fd7ca5eb.js (8)
[78740:259:1214/214123.574282:INFO:CONSOLE(8)] "bar chart: "scales.[x/y]Axes.barThickness" is deprecated. Please use "dataset.barThickness" instead", source: https://data.census.gov/cedsci/js/Chart-Vendor.fd7ca5eb.js (8)
[78740:259:1214/214123.586457:INFO:CONSOLE(8)] "bar chart: "scales.[x/y]Axes.barPercentage" is deprecated. Please use "dataset.barPercentage" instead", source: https://data.census.gov/cedsci/js/Chart-Vendor.fd7ca5eb.js (8)
[78740:259:1214/214123.586539:INFO:CONSOLE(8)] "bar chart: "scales.[x/y]Axes.barThickness" is deprecated. Please use "dataset.barThickness" instead", source: https://data.census.gov/cedsci/js/Chart-Vendor.fd7ca5eb.js (8)
[78740:259:1214/214123.588233:INFO:CONSOLE(1)] "SystemError: Topic data not available for topic Same Sex Couples.", source: https://data.census.gov/cedsci/js/app.82e5551d.js (1)
[78740:259:1214/214123.588448:INFO:CONSOLE(1)] "SystemError: Topic data not available for topic Same Sex Couples.", source: https://data.census.gov/cedsci/js/app.82e5551d.js (1)
[78740:259:1214/214123.590163:INFO:CONSOLE(1)] "SystemError: Topic data not available for topic Redistricting.", source: https://data.census.gov/cedsci/js/app.82e5551d.js (1)
[78740:259:1214/214123.590306:INFO:CONSOLE(1)] "SystemError: Topic data not available for topic Redistricting.", source: https://data.census.gov/cedsci/js/app.82e5551d.js (1)
[78740:259:1214/214123.592567:INFO:CONSOLE(1)] "SystemError: Topic data not available for topic Government Employment and Payroll.", source: https://data.census.gov/cedsci/js/app.82e5551d.js (1)
[78740:259:1214/214123.592807:INFO:CONSOLE(1)] "SystemError: Topic data not available for topic Government Employment and Payroll.", source: https://data.census.gov/cedsci/js/app.82e5551d.js (1)
[78740:259:1214/214123.595905:INFO:CONSOLE(1)] "SystemError: Topic data not available for topic State and Local Government Finances.", source: https://data.census.gov/cedsci/js/app.82e5551d.js (1)
[78740:259:1214/214123.596090:INFO:CONSOLE(1)] "SystemError: Topic data not available for topic State and Local Government Finances.", source: https://data.census.gov/cedsci/js/app.82e5551d.js (1)
[78740:259:1214/214123.840621:INFO:CONSOLE(1)] "Image "ST" could not be loaded. Please make sure you have added the image with map.addImage() or a "sprite" property in your style. You can provide missing images by listening for the "styleimagemissing" map event.", source: https://data.census.gov/cedsci/js/Map-Vendor.6f3d3c86.js (1)
[78740:259:1214/214124.901026:INFO:CONSOLE(0)] "The resource https://data.census.gov/cedsci/img/icons/profile/payment.svg was preloaded using link preload but not used within a few seconds from the window's load event. Please make sure it has an appropriate `as` value and it is preloaded intentionally.", source: https://data.census.gov/cedsci/profile?g=0400000US12 (0)
[78740:259:1214/214124.901150:INFO:CONSOLE(0)] "The resource https://data.census.gov/cedsci/img/icons/profile/calendar.svg was preloaded using link preload but not used within a few seconds from the window's load event. Please make sure it has an appropriate `as` value and it is preloaded intentionally.", source: https://data.census.gov/cedsci/profile?g=0400000US12 (0)
[78740:259:1214/214124.901212:INFO:CONSOLE(0)] "The resource https://data.census.gov/cedsci/img/icons/profile/poverty.svg was preloaded using link preload but not used within a few seconds from the window's load event. Please make sure it has an appropriate `as` value and it is preloaded intentionally.", source: https://data.census.gov/cedsci/profile?g=0400000US12 (0)
[78740:259:1214/214124.901268:INFO:CONSOLE(0)] "The resource https://data.census.gov/cedsci/img/icons/profile/payroll.svg was preloaded using link preload but not used within a few seconds from the window's load event. Please make sure it has an appropriate `as` value and it is preloaded intentionally.", source: https://data.census.gov/cedsci/profile?g=0400000US12 (0)
[78740:259:1214/214124.901675:INFO:CONSOLE(0)] "The resource https://data.census.gov/cedsci/img/icons/profile/family.svg was preloaded using link preload but not used within a few seconds from the window's load event. Please make sure it has an appropriate `as` value and it is preloaded intentionally.", source: https://data.census.gov/cedsci/profile?g=0400000US12 (0)
[78740:259:1214/214124.901733:INFO:CONSOLE(0)] "The resource https://data.census.gov/cedsci/img/icons/profile/buildings.svg was preloaded using link preload but not used within a few seconds from the window's load event. Please make sure it has an appropriate `as` value and it is preloaded intentionally.", source: https://data.census.gov/cedsci/profile?g=0400000US12 (0)
[78740:259:1214/214124.901794:INFO:CONSOLE(0)] "The resource https://data.census.gov/cedsci/img/icons/profile/people.svg was preloaded using link preload but not used within a few seconds from the window's load event. Please make sure it has an appropriate `as` value and it is preloaded intentionally.", source: https://data.census.gov/cedsci/profile?g=0400000US12 (0)
[78740:259:1214/214136.070234:INFO:CONSOLE(1)] "SystemError: Topic data not available for topic Counts, Estimates, and Projections.", source: https://data.census.gov/cedsci/js/app.82e5551d.js (1)
[78740:259:1214/214136.072879:INFO:CONSOLE(1)] "SystemError: Topic data not available for topic Counts, Estimates, and Projections.", source: https://data.census.gov/cedsci/js/app.82e5551d.js (1)
[78740:259:1214/214136.111960:INFO:CONSOLE(1)] "SystemError: Topic data not available for topic Population Change and Components.", source: https://data.census.gov/cedsci/js/app.82e5551d.js (1)
[78740:259:1214/214136.112375:INFO:CONSOLE(1)] "SystemError: Topic data not available for topic Population Change and Components.", source: https://data.census.gov/cedsci/js/app.82e5551d.js (1)
[78740:259:1214/214136.183558:INFO:CONSOLE(1)] "SystemError: Topic data not available for topic Homeownership Rate.", source: https://data.census.gov/cedsci/js/app.82e5551d.js (1)
[78740:259:1214/214136.183679:INFO:CONSOLE(1)] "SystemError: Topic data not available for topic Homeownership Rate.", source: https://data.census.gov/cedsci/js/app.82e5551d.js (1)
[78740:259:1214/214136.294790:INFO:CONSOLE(1)] "SystemError: Topic data not available for topic New and Existing Units.", source: https://data.census.gov/cedsci/js/app.82e5551d.js (1)
[78740:259:1214/214136.295593:INFO:CONSOLE(1)] "SystemError: Topic data not available for topic New and Existing Units.", source: https://data.census.gov/cedsci/js/app.82e5551d.js (1)
[78740:259:1214/214136.310990:INFO:CONSOLE(1)] "SystemError: Topic data not available for topic Expenses.", source: https://data.census.gov/cedsci/js/app.82e5551d.js (1)
[78740:259:1214/214136.313644:INFO:CONSOLE(1)] "SystemError: Topic data not available for topic Expenses.", source: https://data.census.gov/cedsci/js/app.82e5551d.js (1)
[78740:259:1214/214136.323030:INFO:CONSOLE(1)] "SystemError: Topic data not available for topic Business and Owner Characteristics.", source: https://data.census.gov/cedsci/js/app.82e5551d.js (1)
[78740:259:1214/214136.323134:INFO:CONSOLE(1)] "SystemError: Topic data not available for topic Business and Owner Characteristics.", source: https://data.census.gov/cedsci/js/app.82e5551d.js (1)
[78740:259:1214/214136.380680:INFO:CONSOLE(1)] "SystemError: Topic data not available for topic Small Business.", source: https://data.census.gov/cedsci/js/app.82e5551d.js (1)
[78740:259:1214/214136.386229:INFO:CONSOLE(1)] "SystemError: Topic data not available for topic Small Business.", source: https://data.census.gov/cedsci/js/app.82e5551d.js (1)
[78740:259:1214/214136.390455:INFO:CONSOLE(1)] "SystemError: Topic data not available for topic Same Sex Couples.", source: https://data.census.gov/cedsci/js/app.82e5551d.js (1)
[78740:259:1214/214136.390562:INFO:CONSOLE(1)] "SystemError: Topic data not available for topic Same Sex Couples.", source: https://data.census.gov/cedsci/js/app.82e5551d.js (1)
[78740:259:1214/214136.390736:INFO:CONSOLE(1)] "SystemError: Topic data not available for topic Government Employment and Payroll.", source: https://data.census.gov/cedsci/js/app.82e5551d.js (1)
[78740:259:1214/214136.390854:INFO:CONSOLE(1)] "SystemError: Topic data not available for topic Government Employment and Payroll.", source: https://data.census.gov/cedsci/js/app.82e5551d.js (1)
[78740:259:1214/214136.562782:INFO:CONSOLE(1)] "Image "ST" could not be loaded. Please make sure you have added the image with map.addImage() or a "sprite" property in your style. You can provide missing images by listening for the "styleimagemissing" map event.", source: https://data.census.gov/cedsci/js/Map-Vendor.6f3d3c86.js (1)
[78740:259:1214/214136.595295:INFO:CONSOLE(1)] "SystemError: Topic data not available for topic Redistricting.", source: https://data.census.gov/cedsci/js/app.82e5551d.js (1)
[78740:259:1214/214136.595834:INFO:CONSOLE(1)] "SystemError: Topic data not available for topic Redistricting.", source: https://data.census.gov/cedsci/js/app.82e5551d.js (1)
[78740:259:1214/214136.600694:INFO:CONSOLE(1)] "SystemError: Topic data not available for topic Voting and Registration.", source: https://data.census.gov/cedsci/js/app.82e5551d.js (1)
[78740:259:1214/214136.601679:INFO:CONSOLE(1)] "SystemError: Topic data not available for topic Voting and Registration.", source: https://data.census.gov/cedsci/js/app.82e5551d.js (1)
[78740:259:1214/214136.720863:INFO:CONSOLE(1)] "SystemError: Topic data not available for topic Inventories.", source: https://data.census.gov/cedsci/js/app.82e5551d.js (1)
[78740:259:1214/214136.720964:INFO:CONSOLE(1)] "SystemError: Topic data not available for topic Inventories.", source: https://data.census.gov/cedsci/js/app.82e5551d.js (1)
[78740:259:1214/214137.001571:INFO:CONSOLE(1)] "SystemError: Topic data not available for topic State and Local Government Finances.", source: https://data.census.gov/cedsci/js/app.82e5551d.js (1)
[78740:259:1214/214137.002014:INFO:CONSOLE(1)] "SystemError: Topic data not available for topic State and Local Government Finances.", source: https://data.census.gov/cedsci/js/app.82e5551d.js (1)
[78740:259:1214/214138.442914:INFO:CONSOLE(0)] "The resource https://data.census.gov/cedsci/img/icons/profile/payment.svg was preloaded using link preload but not used within a few seconds from the window's load event. Please make sure it has an appropriate `as` value and it is preloaded intentionally.", source: https://data.census.gov/cedsci/profile?g=0400000US13 (0)
[78740:259:1214/214138.443032:INFO:CONSOLE(0)] "The resource https://data.census.gov/cedsci/img/icons/profile/calendar.svg was preloaded using link preload but not used within a few seconds from the window's load event. Please make sure it has an appropriate `as` value and it is preloaded intentionally.", source: https://data.census.gov/cedsci/profile?g=0400000US13 (0)
[78740:259:1214/214138.443088:INFO:CONSOLE(0)] "The resource https://data.census.gov/cedsci/img/icons/profile/poverty.svg was preloaded using link preload but not used within a few seconds from the window's load event. Please make sure it has an appropriate `as` value and it is preloaded intentionally.", source: https://data.census.gov/cedsci/profile?g=0400000US13 (0)
[78740:259:1214/214138.443141:INFO:CONSOLE(0)] "The resource https://data.census.gov/cedsci/img/icons/profile/payroll.svg was preloaded using link preload but not used within a few seconds from the window's load event. Please make sure it has an appropriate `as` value and it is preloaded intentionally.", source: https://data.census.gov/cedsci/profile?g=0400000US13 (0)
[78740:259:1214/214138.443193:INFO:CONSOLE(0)] "The resource https://data.census.gov/cedsci/img/icons/profile/family.svg was preloaded using link preload but not used within a few seconds from the window's load event. Please make sure it has an appropriate `as` value and it is preloaded intentionally.", source: https://data.census.gov/cedsci/profile?g=0400000US13 (0)
[78740:259:1214/214138.443245:INFO:CONSOLE(0)] "The resource https://data.census.gov/cedsci/img/icons/profile/buildings.svg was preloaded using link preload but not used within a few seconds from the window's load event. Please make sure it has an appropriate `as` value and it is preloaded intentionally.", source: https://data.census.gov/cedsci/profile?g=0400000US13 (0)
[78740:259:1214/214138.443297:INFO:CONSOLE(0)] "The resource https://data.census.gov/cedsci/img/icons/profile/people.svg was preloaded using link preload but not used within a few seconds from the window's load event. Please make sure it has an appropriate `as` value and it is preloaded intentionally.", source: https://data.census.gov/cedsci/profile?g=0400000US13 (0)
[78740:259:1214/214138.832982:INFO:CONSOLE(8)] "bar chart: "scales.[x/y]Axes.barPercentage" is deprecated. Please use "dataset.barPercentage" instead", source: https://data.census.gov/cedsci/js/Chart-Vendor.fd7ca5eb.js (8)
[78740:259:1214/214138.833324:INFO:CONSOLE(8)] "bar chart: "scales.[x/y]Axes.barThickness" is deprecated. Please use "dataset.barThickness" instead", source: https://data.census.gov/cedsci/js/Chart-Vendor.fd7ca5eb.js (8)
[78740:259:1214/214138.882681:INFO:CONSOLE(8)] "bar chart: "scales.[x/y]Axes.barPercentage" is deprecated. Please use "dataset.barPercentage" instead", source: https://data.census.gov/cedsci/js/Chart-Vendor.fd7ca5eb.js (8)
[78740:259:1214/214138.882797:INFO:CONSOLE(8)] "bar chart: "scales.[x/y]Axes.barThickness" is deprecated. Please use "dataset.barThickness" instead", source: https://data.census.gov/cedsci/js/Chart-Vendor.fd7ca5eb.js (8)
[78740:259:1214/214138.911957:INFO:CONSOLE(8)] "bar chart: "scales.[x/y]Axes.barPercentage" is deprecated. Please use "dataset.barPercentage" instead", source: https://data.census.gov/cedsci/js/Chart-Vendor.fd7ca5eb.js (8)
[78740:259:1214/214138.912048:INFO:CONSOLE(8)] "bar chart: "scales.[x/y]Axes.barThickness" is deprecated. Please use "dataset.barThickness" instead", source: https://data.census.gov/cedsci/js/Chart-Vendor.fd7ca5eb.js (8)
[78740:259:1214/214139.157345:INFO:CONSOLE(8)] "bar chart: "scales.[x/y]Axes.barPercentage" is deprecated. Please use "dataset.barPercentage" instead", source: https://data.census.gov/cedsci/js/Chart-Vendor.fd7ca5eb.js (8)
[78740:259:1214/214139.158235:INFO:CONSOLE(8)] "bar chart: "scales.[x/y]Axes.barThickness" is deprecated. Please use "dataset.barThickness" instead", source: https://data.census.gov/cedsci/js/Chart-Vendor.fd7ca5eb.js (8)
[78740:259:1214/214139.231413:INFO:CONSOLE(8)] "bar chart: "scales.[x/y]Axes.barPercentage" is deprecated. Please use "dataset.barPercentage" instead", source: https://data.census.gov/cedsci/js/Chart-Vendor.fd7ca5eb.js (8)
[78740:259:1214/214139.231521:INFO:CONSOLE(8)] "bar chart: "scales.[x/y]Axes.barThickness" is deprecated. Please use "dataset.barThickness" instead", source: https://data.census.gov/cedsci/js/Chart-Vendor.fd7ca5eb.js (8)
[78740:259:1214/214139.296145:INFO:CONSOLE(8)] "bar chart: "scales.[x/y]Axes.barPercentage" is deprecated. Please use "dataset.barPercentage" instead", source: https://data.census.gov/cedsci/js/Chart-Vendor.fd7ca5eb.js (8)
[78740:259:1214/214139.296289:INFO:CONSOLE(8)] "bar chart: "scales.[x/y]Axes.barThickness" is deprecated. Please use "dataset.barThickness" instead", source: https://data.census.gov/cedsci/js/Chart-Vendor.fd7ca5eb.js (8)
[78740:259:1214/214139.338005:INFO:CONSOLE(8)] "bar chart: "scales.[x/y]Axes.barPercentage" is deprecated. Please use "dataset.barPercentage" instead", source: https://data.census.gov/cedsci/js/Chart-Vendor.fd7ca5eb.js (8)
[78740:259:1214/214139.338123:INFO:CONSOLE(8)] "bar chart: "scales.[x/y]Axes.barThickness" is deprecated. Please use "dataset.barThickness" instead", source: https://data.census.gov/cedsci/js/Chart-Vendor.fd7ca5eb.js (8)
[78740:259:1214/214139.733591:INFO:CONSOLE(8)] "bar chart: "scales.[x/y]Axes.barPercentage" is deprecated. Please use "dataset.barPercentage" instead", source: https://data.census.gov/cedsci/js/Chart-Vendor.fd7ca5eb.js (8)
[78740:259:1214/214139.733739:INFO:CONSOLE(8)] "bar chart: "scales.[x/y]Axes.barThickness" is deprecated. Please use "dataset.barThickness" instead", source: https://data.census.gov/cedsci/js/Chart-Vendor.fd7ca5eb.js (8)
[78740:259:1214/214139.779132:INFO:CONSOLE(8)] "bar chart: "scales.[x/y]Axes.barPercentage" is deprecated. Please use "dataset.barPercentage" instead", source: https://data.census.gov/cedsci/js/Chart-Vendor.fd7ca5eb.js (8)
[78740:259:1214/214139.779430:INFO:CONSOLE(8)] "bar chart: "scales.[x/y]Axes.barThickness" is deprecated. Please use "dataset.barThickness" instead", source: https://data.census.gov/cedsci/js/Chart-Vendor.fd7ca5eb.js (8)
[78740:259:1214/214139.918846:INFO:CONSOLE(8)] "bar chart: "scales.[x/y]Axes.barPercentage" is deprecated. Please use "dataset.barPercentage" instead", source: https://data.census.gov/cedsci/js/Chart-Vendor.fd7ca5eb.js (8)
[78740:259:1214/214139.918942:INFO:CONSOLE(8)] "bar chart: "scales.[x/y]Axes.barThickness" is deprecated. Please use "dataset.barThickness" instead", source: https://data.census.gov/cedsci/js/Chart-Vendor.fd7ca5eb.js (8)
[78740:259:1214/214140.238327:INFO:CONSOLE(8)] "bar chart: "scales.[x/y]Axes.barPercentage" is deprecated. Please use "dataset.barPercentage" instead", source: https://data.census.gov/cedsci/js/Chart-Vendor.fd7ca5eb.js (8)
[78740:259:1214/214140.238492:INFO:CONSOLE(8)] "bar chart: "scales.[x/y]Axes.barThickness" is deprecated. Please use "dataset.barThickness" instead", source: https://data.census.gov/cedsci/js/Chart-Vendor.fd7ca5eb.js (8)
[78740:259:1214/214140.268169:INFO:CONSOLE(8)] "bar chart: "scales.[x/y]Axes.barPercentage" is deprecated. Please use "dataset.barPercentage" instead", source: https://data.census.gov/cedsci/js/Chart-Vendor.fd7ca5eb.js (8)
[78740:259:1214/214140.269504:INFO:CONSOLE(8)] "bar chart: "scales.[x/y]Axes.barThickness" is deprecated. Please use "dataset.barThickness" instead", source: https://data.census.gov/cedsci/js/Chart-Vendor.fd7ca5eb.js (8)
[78740:259:1214/214140.300473:INFO:CONSOLE(8)] "bar chart: "scales.[x/y]Axes.barPercentage" is deprecated. Please use "dataset.barPercentage" instead", source: https://data.census.gov/cedsci/js/Chart-Vendor.fd7ca5eb.js (8)
[78740:259:1214/214140.300966:INFO:CONSOLE(8)] "bar chart: "scales.[x/y]Axes.barThickness" is deprecated. Please use "dataset.barThickness" instead", source: https://data.census.gov/cedsci/js/Chart-Vendor.fd7ca5eb.js (8)
[78740:259:1214/214140.340195:INFO:CONSOLE(8)] "bar chart: "scales.[x/y]Axes.barPercentage" is deprecated. Please use "dataset.barPercentage" instead", source: https://data.census.gov/cedsci/js/Chart-Vendor.fd7ca5eb.js (8)
[78740:259:1214/214140.340405:INFO:CONSOLE(8)] "bar chart: "scales.[x/y]Axes.barThickness" is deprecated. Please use "dataset.barThickness" instead", source: https://data.census.gov/cedsci/js/Chart-Vendor.fd7ca5eb.js (8)
[78740:259:1214/214140.423635:INFO:CONSOLE(8)] "bar chart: "scales.[x/y]Axes.barPercentage" is deprecated. Please use "dataset.barPercentage" instead", source: https://data.census.gov/cedsci/js/Chart-Vendor.fd7ca5eb.js (8)
[78740:259:1214/214140.423795:INFO:CONSOLE(8)] "bar chart: "scales.[x/y]Axes.barThickness" is deprecated. Please use "dataset.barThickness" instead", source: https://data.census.gov/cedsci/js/Chart-Vendor.fd7ca5eb.js (8)
[78740:259:1214/214140.457768:INFO:CONSOLE(8)] "bar chart: "scales.[x/y]Axes.barPercentage" is deprecated. Please use "dataset.barPercentage" instead", source: https://data.census.gov/cedsci/js/Chart-Vendor.fd7ca5eb.js (8)
[78740:259:1214/214140.457920:INFO:CONSOLE(8)] "bar chart: "scales.[x/y]Axes.barThickness" is deprecated. Please use "dataset.barThickness" instead", source: https://data.census.gov/cedsci/js/Chart-Vendor.fd7ca5eb.js (8)
[78740:259:1214/214140.474044:INFO:CONSOLE(8)] "bar chart: "scales.[x/y]Axes.barPercentage" is deprecated. Please use "dataset.barPercentage" instead", source: https://data.census.gov/cedsci/js/Chart-Vendor.fd7ca5eb.js (8)
[78740:259:1214/214140.474187:INFO:CONSOLE(8)] "bar chart: "scales.[x/y]Axes.barThickness" is deprecated. Please use "dataset.barThickness" instead", source: https://data.census.gov/cedsci/js/Chart-Vendor.fd7ca5eb.js (8)
[78740:259:1214/214140.797733:INFO:CONSOLE(8)] "bar chart: "scales.[x/y]Axes.barPercentage" is deprecated. Please use "dataset.barPercentage" instead", source: https://data.census.gov/cedsci/js/Chart-Vendor.fd7ca5eb.js (8)
[78740:259:1214/214140.797844:INFO:CONSOLE(8)] "bar chart: "scales.[x/y]Axes.barThickness" is deprecated. Please use "dataset.barThickness" instead", source: https://data.census.gov/cedsci/js/Chart-Vendor.fd7ca5eb.js (8)
[78740:259:1214/214140.814466:INFO:CONSOLE(8)] "bar chart: "scales.[x/y]Axes.barPercentage" is deprecated. Please use "dataset.barPercentage" instead", source: https://data.census.gov/cedsci/js/Chart-Vendor.fd7ca5eb.js (8)
[78740:259:1214/214140.814587:INFO:CONSOLE(8)] "bar chart: "scales.[x/y]Axes.barThickness" is deprecated. Please use "dataset.barThickness" instead", source: https://data.census.gov/cedsci/js/Chart-Vendor.fd7ca5eb.js (8)
[78740:259:1214/214140.830788:INFO:CONSOLE(8)] "bar chart: "scales.[x/y]Axes.barPercentage" is deprecated. Please use "dataset.barPercentage" instead", source: https://data.census.gov/cedsci/js/Chart-Vendor.fd7ca5eb.js (8)
[78740:259:1214/214140.830887:INFO:CONSOLE(8)] "bar chart: "scales.[x/y]Axes.barThickness" is deprecated. Please use "dataset.barThickness" instead", source: https://data.census.gov/cedsci/js/Chart-Vendor.fd7ca5eb.js (8)
[78740:259:1214/214140.862542:INFO:CONSOLE(8)] "bar chart: "scales.[x/y]Axes.barPercentage" is deprecated. Please use "dataset.barPercentage" instead", source: https://data.census.gov/cedsci/js/Chart-Vendor.fd7ca5eb.js (8)
[78740:259:1214/214140.862763:INFO:CONSOLE(8)] "bar chart: "scales.[x/y]Axes.barThickness" is deprecated. Please use "dataset.barThickness" instead", source: https://data.census.gov/cedsci/js/Chart-Vendor.fd7ca5eb.js (8)
[78740:259:1214/214141.202668:INFO:CONSOLE(8)] "bar chart: "scales.[x/y]Axes.barPercentage" is deprecated. Please use "dataset.barPercentage" instead", source: https://data.census.gov/cedsci/js/Chart-Vendor.fd7ca5eb.js (8)
[78740:259:1214/214141.202827:INFO:CONSOLE(8)] "bar chart: "scales.[x/y]Axes.barThickness" is deprecated. Please use "dataset.barThickness" instead", source: https://data.census.gov/cedsci/js/Chart-Vendor.fd7ca5eb.js (8)
[78740:259:1214/214141.228249:INFO:CONSOLE(8)] "bar chart: "scales.[x/y]Axes.barPercentage" is deprecated. Please use "dataset.barPercentage" instead", source: https://data.census.gov/cedsci/js/Chart-Vendor.fd7ca5eb.js (8)
[78740:259:1214/214141.228453:INFO:CONSOLE(8)] "bar chart: "scales.[x/y]Axes.barThickness" is deprecated. Please use "dataset.barThickness" instead", source: https://data.census.gov/cedsci/js/Chart-Vendor.fd7ca5eb.js (8)
[78740:259:1214/214141.451433:INFO:CONSOLE(8)] "bar chart: "scales.[x/y]Axes.barPercentage" is deprecated. Please use "dataset.barPercentage" instead", source: https://data.census.gov/cedsci/js/Chart-Vendor.fd7ca5eb.js (8)
[78740:259:1214/214141.451974:INFO:CONSOLE(8)] "bar chart: "scales.[x/y]Axes.barThickness" is deprecated. Please use "dataset.barThickness" instead", source: https://data.census.gov/cedsci/js/Chart-Vendor.fd7ca5eb.js (8)
[78740:259:1214/214141.518117:INFO:CONSOLE(8)] "bar chart: "scales.[x/y]Axes.barPercentage" is deprecated. Please use "dataset.barPercentage" instead", source: https://data.census.gov/cedsci/js/Chart-Vendor.fd7ca5eb.js (8)
[78740:259:1214/214141.518249:INFO:CONSOLE(8)] "bar chart: "scales.[x/y]Axes.barThickness" is deprecated. Please use "dataset.barThickness" instead", source: https://data.census.gov/cedsci/js/Chart-Vendor.fd7ca5eb.js (8)
[78740:259:1214/214142.052572:INFO:CONSOLE(8)] "bar chart: "scales.[x/y]Axes.barPercentage" is deprecated. Please use "dataset.barPercentage" instead", source: https://data.census.gov/cedsci/js/Chart-Vendor.fd7ca5eb.js (8)
[78740:259:1214/214142.052672:INFO:CONSOLE(8)] "bar chart: "scales.[x/y]Axes.barThickness" is deprecated. Please use "dataset.barThickness" instead", source: https://data.census.gov/cedsci/js/Chart-Vendor.fd7ca5eb.js (8)
[78740:259:1214/214142.597221:INFO:CONSOLE(8)] "bar chart: "scales.[x/y]Axes.barPercentage" is deprecated. Please use "dataset.barPercentage" instead", source: https://data.census.gov/cedsci/js/Chart-Vendor.fd7ca5eb.js (8)
[78740:259:1214/214142.597318:INFO:CONSOLE(8)] "bar chart: "scales.[x/y]Axes.barThickness" is deprecated. Please use "dataset.barThickness" instead", source: https://data.census.gov/cedsci/js/Chart-Vendor.fd7ca5eb.js (8)
[78740:259:1214/214143.933284:INFO:CONSOLE(8)] "bar chart: "scales.[x/y]Axes.barPercentage" is deprecated. Please use "dataset.barPercentage" instead", source: https://data.census.gov/cedsci/js/Chart-Vendor.fd7ca5eb.js (8)
[78740:259:1214/214143.933429:INFO:CONSOLE(8)] "bar chart: "scales.[x/y]Axes.barThickness" is deprecated. Please use "dataset.barThickness" instead", source: https://data.census.gov/cedsci/js/Chart-Vendor.fd7ca5eb.js (8)
[78740:259:1214/214149.997119:INFO:CONSOLE(1)] "DataNotAvailableError: No profile is available for your selected parameters: {"g":"0400000US14"}", source: https://data.census.gov/cedsci/js/app.82e5551d.js (1)
[78740:259:1214/214150.008326:INFO:CONSOLE(1)] "Error: Request failed with status code 400", source: https://data.census.gov/cedsci/js/app.82e5551d.js (1)
[78740:259:1214/214150.008728:INFO:CONSOLE(1)] "highlights could not be loaded", source: https://data.census.gov/cedsci/js/app.82e5551d.js (1)
[78740:259:1214/214153.365514:INFO:CONSOLE(1)] "SystemError: Topic data not available for topic Counts, Estimates, and Projections.", source: https://data.census.gov/cedsci/js/app.82e5551d.js (1)
[78740:259:1214/214153.366169:INFO:CONSOLE(1)] "SystemError: Topic data not available for topic Counts, Estimates, and Projections.", source: https://data.census.gov/cedsci/js/app.82e5551d.js (1)
[78740:259:1214/214153.387829:INFO:CONSOLE(1)] "SystemError: Topic data not available for topic Population Change and Components.", source: https://data.census.gov/cedsci/js/app.82e5551d.js (1)
[78740:259:1214/214153.388273:INFO:CONSOLE(1)] "SystemError: Topic data not available for topic Population Change and Components.", source: https://data.census.gov/cedsci/js/app.82e5551d.js (1)
[78740:259:1214/214153.391142:INFO:CONSOLE(1)] "SystemError: Topic data not available for topic Homeownership Rate.", source: https://data.census.gov/cedsci/js/app.82e5551d.js (1)
[78740:259:1214/214153.391315:INFO:CONSOLE(1)] "SystemError: Topic data not available for topic Homeownership Rate.", source: https://data.census.gov/cedsci/js/app.82e5551d.js (1)
[78740:259:1214/214153.408217:INFO:CONSOLE(1)] "SystemError: Topic data not available for topic New and Existing Units.", source: https://data.census.gov/cedsci/js/app.82e5551d.js (1)
[78740:259:1214/214153.408665:INFO:CONSOLE(1)] "SystemError: Topic data not available for topic New and Existing Units.", source: https://data.census.gov/cedsci/js/app.82e5551d.js (1)
[78740:259:1214/214153.422796:INFO:CONSOLE(1)] "SystemError: Topic data not available for topic Expenses.", source: https://data.census.gov/cedsci/js/app.82e5551d.js (1)
[78740:259:1214/214153.422970:INFO:CONSOLE(1)] "SystemError: Topic data not available for topic Expenses.", source: https://data.census.gov/cedsci/js/app.82e5551d.js (1)
[78740:259:1214/214153.462977:INFO:CONSOLE(1)] "SystemError: Topic data not available for topic Business and Owner Characteristics.", source: https://data.census.gov/cedsci/js/app.82e5551d.js (1)
[78740:259:1214/214153.463329:INFO:CONSOLE(1)] "SystemError: Topic data not available for topic Business and Owner Characteristics.", source: https://data.census.gov/cedsci/js/app.82e5551d.js (1)
[78740:259:1214/214153.474792:INFO:CONSOLE(1)] "SystemError: Topic data not available for topic Voting and Registration.", source: https://data.census.gov/cedsci/js/app.82e5551d.js (1)
[78740:259:1214/214153.475146:INFO:CONSOLE(1)] "SystemError: Topic data not available for topic Voting and Registration.", source: https://data.census.gov/cedsci/js/app.82e5551d.js (1)
[78740:259:1214/214153.513643:INFO:CONSOLE(1)] "SystemError: Topic data not available for topic Small Business.", source: https://data.census.gov/cedsci/js/app.82e5551d.js (1)
[78740:259:1214/214153.513847:INFO:CONSOLE(1)] "SystemError: Topic data not available for topic Small Business.", source: https://data.census.gov/cedsci/js/app.82e5551d.js (1)
[78740:259:1214/214153.538759:INFO:CONSOLE(1)] "SystemError: Topic data not available for topic Government Employment and Payroll.", source: https://data.census.gov/cedsci/js/app.82e5551d.js (1)
[78740:259:1214/214153.539054:INFO:CONSOLE(1)] "SystemError: Topic data not available for topic Government Employment and Payroll.", source: https://data.census.gov/cedsci/js/app.82e5551d.js (1)
[78740:259:1214/214153.546687:INFO:CONSOLE(1)] "SystemError: Topic data not available for topic Redistricting.", source: https://data.census.gov/cedsci/js/app.82e5551d.js (1)
[78740:259:1214/214153.547330:INFO:CONSOLE(1)] "SystemError: Topic data not available for topic Redistricting.", source: https://data.census.gov/cedsci/js/app.82e5551d.js (1)
[78740:259:1214/214153.558395:INFO:CONSOLE(1)] "SystemError: Topic data not available for topic Same Sex Couples.", source: https://data.census.gov/cedsci/js/app.82e5551d.js (1)
[78740:259:1214/214153.558509:INFO:CONSOLE(1)] "SystemError: Topic data not available for topic Same Sex Couples.", source: https://data.census.gov/cedsci/js/app.82e5551d.js (1)
[78740:259:1214/214153.615524:INFO:CONSOLE(1)] "Error: No related profiles links available.", source: https://data.census.gov/cedsci/js/app.82e5551d.js (1)
[78740:259:1214/214153.616211:INFO:CONSOLE(1)] "TypeError: Cannot read properties of undefined (reading 'relatedProfiles')", source: https://data.census.gov/cedsci/js/app.82e5551d.js (1)
[78751:20227:1214/214153.765852:WARNING:spdy_session.cc(3233)] Received RST for invalid stream623
[78751:20227:1214/214153.769714:WARNING:spdy_session.cc(3233)] Received RST for invalid stream621
[78751:20227:1214/214153.769744:WARNING:spdy_session.cc(3233)] Received RST for invalid stream617
[78751:20227:1214/214153.769763:WARNING:spdy_session.cc(3233)] Received RST for invalid stream613
[78751:20227:1214/214153.769780:WARNING:spdy_session.cc(3233)] Received RST for invalid stream611
[78751:20227:1214/214153.769797:WARNING:spdy_session.cc(3233)] Received RST for invalid stream609
[78751:20227:1214/214153.769814:WARNING:spdy_session.cc(3233)] Received RST for invalid stream599
[78751:20227:1214/214153.769832:WARNING:spdy_session.cc(3233)] Received RST for invalid stream597
[78751:20227:1214/214153.772642:WARNING:spdy_session.cc(3233)] Received RST for invalid stream593
[78751:20227:1214/214153.772676:WARNING:spdy_session.cc(3233)] Received RST for invalid stream591
[78751:20227:1214/214153.776259:WARNING:spdy_session.cc(3233)] Received RST for invalid stream585
[78751:20227:1214/214153.776299:WARNING:spdy_session.cc(3233)] Received RST for invalid stream583
[78751:20227:1214/214153.776346:WARNING:spdy_session.cc(3233)] Received RST for invalid stream579
[78751:20227:1214/214153.778986:WARNING:spdy_session.cc(3233)] Received RST for invalid stream577
[78751:20227:1214/214153.779024:WARNING:spdy_session.cc(3233)] Received RST for invalid stream573
[78751:20227:1214/214153.779048:WARNING:spdy_session.cc(3233)] Received RST for invalid stream571
[78751:20227:1214/214153.779076:WARNING:spdy_session.cc(3233)] Received RST for invalid stream619
[78751:20227:1214/214153.779123:WARNING:spdy_session.cc(3233)] Received RST for invalid stream567
[78751:20227:1214/214153.779830:WARNING:spdy_session.cc(3233)] Received RST for invalid stream627
[78751:20227:1214/214153.779901:WARNING:spdy_session.cc(3233)] Received RST for invalid stream563
[78751:20227:1214/214153.781459:WARNING:spdy_session.cc(3233)] Received RST for invalid stream615
[78751:20227:1214/214153.782979:WARNING:spdy_session.cc(3233)] Received RST for invalid stream625
[78751:20227:1214/214153.786475:WARNING:spdy_session.cc(3233)] Received RST for invalid stream559
[78751:20227:1214/214153.786522:WARNING:spdy_session.cc(3233)] Received RST for invalid stream557
[78751:20227:1214/214153.786543:WARNING:spdy_session.cc(3233)] Received RST for invalid stream553
[78751:20227:1214/214153.786558:WARNING:spdy_session.cc(3233)] Received RST for invalid stream551
[78751:20227:1214/214153.787849:WARNING:spdy_session.cc(3233)] Received RST for invalid stream561
[78751:20227:1214/214153.787891:WARNING:spdy_session.cc(3233)] Received RST for invalid stream549
[78751:20227:1214/214153.787929:WARNING:spdy_session.cc(3233)] Received RST for invalid stream547
[78751:20227:1214/214153.788726:WARNING:spdy_session.cc(3233)] Received RST for invalid stream589
[78751:20227:1214/214153.789897:WARNING:spdy_session.cc(3233)] Received RST for invalid stream545
[78751:20227:1214/214153.789943:WARNING:spdy_session.cc(3233)] Received RST for invalid stream543
[78751:20227:1214/214153.790888:WARNING:spdy_session.cc(3233)] Received RST for invalid stream539
[78751:20227:1214/214153.790933:WARNING:spdy_session.cc(3233)] Received RST for invalid stream537
[78751:20227:1214/214153.791688:WARNING:spdy_session.cc(3233)] Received RST for invalid stream533
[78751:20227:1214/214153.791757:WARNING:spdy_session.cc(3233)] Received RST for invalid stream531
[78751:20227:1214/214153.791929:WARNING:spdy_session.cc(3233)] Received RST for invalid stream529
[78751:20227:1214/214153.792680:WARNING:spdy_session.cc(3233)] Received RST for invalid stream555
[78751:20227:1214/214153.793451:WARNING:spdy_session.cc(3233)] Received RST for invalid stream525
[78751:20227:1214/214153.794013:WARNING:spdy_session.cc(3233)] Received RST for invalid stream601
[78751:20227:1214/214153.794895:WARNING:spdy_session.cc(3233)] Received RST for invalid stream523
[78751:20227:1214/214153.796203:WARNING:spdy_session.cc(3233)] Received RST for invalid stream521
[78751:20227:1214/214153.796264:WARNING:spdy_session.cc(3233)] Received RST for invalid stream511
[78751:20227:1214/214153.796312:WARNING:spdy_session.cc(3233)] Received RST for invalid stream575
[78740:259:1214/214154.007677:WARNING:pref_notifier_impl.cc(40)] Pref observer for media_router.cast_allow_all_ips found at shutdown.
